2025-02-08 02:45:39,200 - LoudVA - INFO - [LoudController] - Starting LoudController...
2025-02-08 02:45:39,201 - LoudVA - INFO - [LoudController] - Press CTRL+C to stop the controller.
2025-02-08 02:45:39,201 - LoudVA - INFO - [LoudController] - Debug mode: False
2025-02-08 02:45:39,230 - LoudVA - INFO - [LoudController] - Selected scheduler: loud
2025-02-08 02:45:39,239 - LoudVA - INFO - [LoudServer] - Starting LoudVA server...
 * Serving Flask app 'LoudServer'
 * Debug mode: off
WARNING: This is a development server. Do not use it in a production deployment. Use a production WSGI server instead.
 * Running on http://127.0.0.1:5000
Press CTRL+C to quit
2025-02-08 02:45:42,358 - LoudVA - INFO - [DeviceData] - Training the LoudCostPredictor...
2025-02-08 02:45:42,634 - LoudVA - INFO - [DeviceData] - LoudCostPredictor training complete. Training time: 0.2748730182647705 seconds.
2025-02-08 02:45:42,634 - LoudVA - INFO - [DeviceData] - Using profiling data for decision making.
2025-02-08 02:45:42,634 - LoudVA - INFO - [DeviceData] - Filling missing profile data with predictions.
2025-02-08 02:45:42,657 - LoudVA - INFO - [DeviceData] - Loaded profile from /home/louduser/LoudVA/LoudController/../measurements/archive/Representative/Profiling.csv
2025-02-08 02:45:42,658 - LoudVA - INFO - [DeviceData] - Loaded profile from /home/louduser/LoudVA/LoudController/../measurements/archive/Representative/xavier-nx-00/measurements/xavier-nx-00_filtered_freqs.csv
2025-02-08 02:45:42,659 - LoudVA - INFO - [DeviceData] - Loaded profile from /home/louduser/LoudVA/LoudController/../measurements/archive/Representative/LoudJetson0/measurements/LoudJetson0_filtered_freqs.csv
2025-02-08 02:45:42,659 - LoudVA - INFO - [DeviceData] - Loaded GPU specs from /home/louduser/LoudVA/LoudController/../data/devices/gpu_specs.csv
2025-02-08 02:45:42,693 - LoudVA - INFO - [DeviceData] - Initial frequency on agx-xavier-00: 114750000
2025-02-08 02:45:42,693 - LoudVA - INFO - [DeviceData] - agx-xavier-00 : Filling missing profile data...
2025-02-08 02:45:42,694 - LoudVA - INFO - [DeviceData] - agx-xavier-00 : Missing profile data filled with predictions.
2025-02-08 02:45:42,694 - LoudVA - INFO - [DeviceData] - Devices initialized successfully
2025-02-08 02:45:42,719 - LoudVA - INFO - [LoudScheduler] - Starting LoudScheduler
2025-02-08 02:45:46,778 - LoudVA - INFO - [DeviceData] - Frequency set to 114750000 MHz on agx-xavier-00
127.0.0.1 - - [08/Feb/2025 02:46:41] "GET / HTTP/1.1" 200 -
2025-02-08 02:48:46,706 - LoudVA - INFO - [LoudServer] - Received inference request with latency constraint: 13.0
2025-02-08 02:48:46,725 - LoudVA - INFO - [LoudScheduler] - Latency constraint allows for waiting, holding for more images.
2025-02-08 02:48:51,654 - LoudVA - INFO - [LoudServer] - Received inference request with latency constraint: 17.0
2025-02-08 02:48:55,172 - LoudVA - INFO - [LoudScheduler] - Dispatching to agx-xavier-00 with frequency 905250000, batch size 31
2025-02-08 02:48:55,183 - LoudVA - WARNING - [LoudScheduler] - No available devices found. Returning None. Waiting for devices to become available.
2025-02-08 02:48:55,244 - LoudVA - INFO - [DeviceData] - Frequency set to 905250000 MHz on agx-xavier-00
2025-02-08 02:48:56,594 - LoudVA - INFO - [LoudServer] - Received inference request with latency constraint: 7.0
2025-02-08 02:48:56,698 - LoudVA - INFO - [LoudScheduler] - Latency constraint allows for waiting, holding for more images.
2025-02-08 02:48:58,250 - LoudVA - INFO - [LoudServer] - Received inference request with latency constraint: 13.0
2025-02-08 02:48:59,796 - LoudVA - INFO - [LoudServer] - Inference completed. Request ID: 2ded2f00-4b19-4296-8c0e-be832b1324ec
127.0.0.1 - - [08/Feb/2025 02:48:59] "POST /inference HTTP/1.1" 200 -
2025-02-08 02:49:01,187 - LoudVA - INFO - [LoudServer] - Received inference request with latency constraint: 5.0
2025-02-08 02:49:01,217 - LoudVA - INFO - [LoudScheduler] - Dispatching to agx-xavier-00 with frequency 905250000, batch size 21
2025-02-08 02:49:01,227 - LoudVA - WARNING - [LoudScheduler] - No available devices found. Returning None. Waiting for devices to become available.
2025-02-08 02:49:01,554 - LoudVA - INFO - [LoudServer] - Received inference request with latency constraint: 1.0
2025-02-08 02:49:02,076 - LoudVA - WARNING - [LoudScheduler] - No suitable device configuration found within constraints. Using closest match.
2025-02-08 02:49:02,077 - LoudVA - INFO - [LoudScheduler] - Dispatching to agx-xavier-00 with frequency 905250000, batch size 1
2025-02-08 02:49:02,088 - LoudVA - WARNING - [LoudScheduler] - No available devices found. Returning None. Waiting for devices to become available.
2025-02-08 02:49:02,625 - LoudVA - WARNING - [LoudScheduler] - No suitable device configuration found within constraints. Using closest match.
2025-02-08 02:49:02,626 - LoudVA - INFO - [LoudScheduler] - Dispatching to agx-xavier-00 with frequency 905250000, batch size 1
2025-02-08 02:49:02,636 - LoudVA - WARNING - [LoudScheduler] - No available devices found. Returning None. Waiting for devices to become available.
2025-02-08 02:49:03,173 - LoudVA - INFO - [LoudScheduler] - Latency constraint allows for waiting, holding for more images.
2025-02-08 02:49:03,599 - LoudVA - INFO - [LoudServer] - Inference completed. Request ID: 4866a1ca-ec1c-4e6c-aff8-d56f393a93bc
127.0.0.1 - - [08/Feb/2025 02:49:03] "POST /inference HTTP/1.1" 200 -
2025-02-08 02:49:04,292 - LoudVA - INFO - [LoudServer] - Received inference request with latency constraint: 18.0
2025-02-08 02:49:04,684 - LoudVA - INFO - [LoudServer] - Inference completed. Request ID: a94f4142-ae3d-4937-b7d0-8bcaf47b7fd2
127.0.0.1 - - [08/Feb/2025 02:49:04] "POST /inference HTTP/1.1" 200 -
2025-02-08 02:49:04,691 - LoudVA - INFO - [LoudServer] - Inference completed. Request ID: f8d59180-c353-4b00-9049-400bc116b040
127.0.0.1 - - [08/Feb/2025 02:49:04] "POST /inference HTTP/1.1" 200 -
2025-02-08 02:49:04,698 - LoudVA - INFO - [LoudServer] - Inference completed. Request ID: e3cad387-a17b-4455-a129-db041cf7bb3b
127.0.0.1 - - [08/Feb/2025 02:49:04] "POST /inference HTTP/1.1" 200 -
2025-02-08 02:49:06,604 - LoudVA - INFO - [LoudServer] - Received inference request with latency constraint: 16.0
2025-02-08 02:49:06,705 - LoudVA - INFO - [LoudScheduler] - Dispatching to agx-xavier-00 with frequency 1032750000, batch size 40
2025-02-08 02:49:06,775 - LoudVA - INFO - [DeviceData] - Frequency set to 1032750000 MHz on agx-xavier-00
2025-02-08 02:49:07,202 - LoudVA - INFO - [LoudServer] - Received inference request with latency constraint: 13.0
2025-02-08 02:49:07,212 - LoudVA - WARNING - [LoudScheduler] - No available devices found. Returning None. Waiting for devices to become available.
2025-02-08 02:49:08,268 - LoudVA - INFO - [LoudScheduler] - Latency constraint allows for waiting, holding for more images.
2025-02-08 02:49:10,253 - LoudVA - INFO - [LoudServer] - Received inference request with latency constraint: 17.0
2025-02-08 02:49:11,569 - LoudVA - INFO - [LoudServer] - Received inference request with latency constraint: 12.0
2025-02-08 02:49:11,901 - LoudVA - INFO - [LoudServer] - Inference completed. Request ID: 14021426-49ee-462f-b7bb-09d33d57de8e
127.0.0.1 - - [08/Feb/2025 02:49:11] "POST /inference HTTP/1.1" 200 -
2025-02-08 02:49:11,933 - LoudVA - INFO - [LoudServer] - Inference completed. Request ID: 525ec155-23ff-4c58-b3c0-3c03dfa86061
2025-02-08 02:49:11,935 - LoudVA - INFO - [LoudServer] - Inference completed. Request ID: 72201aad-7f72-4d71-a301-e6c3436c5dff
127.0.0.1 - - [08/Feb/2025 02:49:11] "POST /inference HTTP/1.1" 200 -
127.0.0.1 - - [08/Feb/2025 02:49:11] "POST /inference HTTP/1.1" 200 -
2025-02-08 02:49:13,328 - LoudVA - INFO - [LoudServer] - Received inference request with latency constraint: 20.0
2025-02-08 02:49:13,379 - LoudVA - INFO - [DeviceData] - Frequency set to 114750000 MHz on agx-xavier-00
2025-02-08 02:49:13,524 - LoudVA - INFO - [LoudScheduler] - Dispatching to agx-xavier-00 with frequency 905250000, batch size 51
2025-02-08 02:49:13,541 - LoudVA - WARNING - [LoudScheduler] - No available devices found. Returning None. Waiting for devices to become available.
2025-02-08 02:49:13,594 - LoudVA - INFO - [DeviceData] - Frequency set to 905250000 MHz on agx-xavier-00
2025-02-08 02:49:15,289 - LoudVA - INFO - [LoudScheduler] - Latency constraint allows for waiting, holding for more images.
2025-02-08 02:49:16,333 - LoudVA - INFO - [LoudServer] - Received inference request with latency constraint: 13.0
2025-02-08 02:49:16,582 - LoudVA - INFO - [LoudServer] - Received inference request with latency constraint: 9.0
2025-02-08 02:49:16,612 - LoudVA - INFO - [LoudScheduler] - Dispatching to agx-xavier-00 with frequency 905250000, batch size 51
2025-02-08 02:49:16,623 - LoudVA - WARNING - [LoudScheduler] - No available devices found. Returning None. Waiting for devices to become available.
2025-02-08 02:49:17,814 - LoudVA - INFO - [LoudScheduler] - Latency constraint allows for waiting, holding for more images.
2025-02-08 02:49:19,332 - LoudVA - INFO - [LoudServer] - Received inference request with latency constraint: 15.0
2025-02-08 02:49:21,265 - LoudVA - INFO - [LoudServer] - Inference completed. Request ID: 318128b0-4df6-4622-bbea-40e68f57dad0
127.0.0.1 - - [08/Feb/2025 02:49:21] "POST /inference HTTP/1.1" 200 -
2025-02-08 02:49:21,281 - LoudVA - INFO - [LoudServer] - Inference completed. Request ID: fb5e0f61-549f-425e-ae0f-384e828d57cd
127.0.0.1 - - [08/Feb/2025 02:49:21] "POST /inference HTTP/1.1" 200 -
2025-02-08 02:49:21,334 - LoudVA - INFO - [LoudServer] - Inference completed. Request ID: 94b79b14-d512-41b2-a10e-bd756ec7b1c2
127.0.0.1 - - [08/Feb/2025 02:49:21] "POST /inference HTTP/1.1" 200 -
2025-02-08 02:49:21,628 - LoudVA - INFO - [LoudServer] - Received inference request with latency constraint: 18.0
2025-02-08 02:49:21,663 - LoudVA - INFO - [LoudScheduler] - Dispatching to agx-xavier-00 with frequency 905250000, batch size 51
2025-02-08 02:49:21,681 - LoudVA - WARNING - [LoudScheduler] - No available devices found. Returning None. Waiting for devices to become available.
2025-02-08 02:49:22,196 - LoudVA - INFO - [LoudServer] - Received inference request with latency constraint: 16.0
2025-02-08 02:49:22,887 - LoudVA - INFO - [LoudScheduler] - Latency constraint allows for waiting, holding for more images.
2025-02-08 02:49:25,198 - LoudVA - INFO - [LoudServer] - Received inference request with latency constraint: 7.0
2025-02-08 02:49:26,635 - LoudVA - INFO - [LoudServer] - Received inference request with latency constraint: 16.0
2025-02-08 02:49:27,485 - LoudVA - INFO - [DeviceData] - Frequency set to 114750000 MHz on agx-xavier-00
2025-02-08 02:49:27,492 - LoudVA - INFO - [LoudScheduler] - Dispatching to agx-xavier-00 with frequency 905250000, batch size 51
2025-02-08 02:49:27,502 - LoudVA - WARNING - [LoudScheduler] - No available devices found. Returning None. Waiting for devices to become available.
2025-02-08 02:49:27,608 - LoudVA - INFO - [DeviceData] - Frequency set to 905250000 MHz on agx-xavier-00
2025-02-08 02:49:28,398 - LoudVA - INFO - [LoudServer] - Received inference request with latency constraint: 18.0
2025-02-08 02:49:29,251 - LoudVA - INFO - [LoudScheduler] - Latency constraint allows for waiting, holding for more images.
2025-02-08 02:49:29,791 - LoudVA - INFO - [LoudServer] - Inference completed. Request ID: 8286d969-031d-436f-bfd5-3183bdc8f491
127.0.0.1 - - [08/Feb/2025 02:49:29] "POST /inference HTTP/1.1" 200 -
2025-02-08 02:49:29,847 - LoudVA - INFO - [LoudServer] - Inference completed. Request ID: 7e84cdcc-621d-4ae3-a796-d7ce06517771
127.0.0.1 - - [08/Feb/2025 02:49:29] "POST /inference HTTP/1.1" 200 -
2025-02-08 02:49:29,877 - LoudVA - INFO - [LoudServer] - Inference completed. Request ID: fb9188c6-d9fa-4318-9b32-0d39b7f2fec9
127.0.0.1 - - [08/Feb/2025 02:49:29] "POST /inference HTTP/1.1" 200 -
2025-02-08 02:49:31,679 - LoudVA - INFO - [LoudServer] - Received inference request with latency constraint: 17.0
2025-02-08 02:49:31,731 - LoudVA - INFO - [LoudScheduler] - Dispatching to agx-xavier-00 with frequency 905250000, batch size 51
2025-02-08 02:49:31,740 - LoudVA - WARNING - [LoudScheduler] - No available devices found. Returning None. Waiting for devices to become available.
2025-02-08 02:49:32,927 - LoudVA - INFO - [LoudScheduler] - Latency constraint allows for waiting, holding for more images.
2025-02-08 02:49:34,688 - LoudVA - INFO - [LoudServer] - Inference completed. Request ID: ed5d8e34-d4fe-4dca-9919-ecdea7e7f9b2
127.0.0.1 - - [08/Feb/2025 02:49:34] "POST /inference HTTP/1.1" 200 -
2025-02-08 02:49:34,694 - LoudVA - INFO - [LoudServer] - Inference completed. Request ID: 889dd957-51ac-44f0-8565-6eede4800e86
127.0.0.1 - - [08/Feb/2025 02:49:34] "POST /inference HTTP/1.1" 200 -
2025-02-08 02:49:34,703 - LoudVA - INFO - [LoudServer] - Inference completed. Request ID: a15c17e7-b4d7-47ce-80c7-970e10e20982
127.0.0.1 - - [08/Feb/2025 02:49:34] "POST /inference HTTP/1.1" 200 -
2025-02-08 02:49:34,729 - LoudVA - INFO - [LoudServer] - Inference completed. Request ID: 77812595-529a-414c-88c1-c57b31ffa5e4
127.0.0.1 - - [08/Feb/2025 02:49:34] "POST /inference HTTP/1.1" 200 -
2025-02-08 02:49:36,568 - LoudVA - INFO - [LoudServer] - Received inference request with latency constraint: 11.0
2025-02-08 02:49:37,499 - LoudVA - INFO - [DeviceData] - Frequency set to 114750000 MHz on agx-xavier-00
2025-02-08 02:49:41,582 - LoudVA - INFO - [LoudScheduler] - Dispatching to agx-xavier-00 with frequency 905250000, batch size 17
2025-02-08 02:49:41,593 - LoudVA - WARNING - [LoudScheduler] - No available devices found. Returning None. Waiting for devices to become available.
2025-02-08 02:49:41,622 - LoudVA - INFO - [LoudServer] - Received inference request with latency constraint: 18.0
2025-02-08 02:49:41,654 - LoudVA - INFO - [DeviceData] - Frequency set to 905250000 MHz on agx-xavier-00
2025-02-08 02:49:41,972 - LoudVA - INFO - [LoudServer] - Inference completed. Request ID: f84d3ec1-9849-499f-9ecd-3a08f210dec0
127.0.0.1 - - [08/Feb/2025 02:49:41] "POST /inference HTTP/1.1" 200 -
2025-02-08 02:49:41,986 - LoudVA - INFO - [LoudServer] - Inference completed. Request ID: 0b934646-bb9c-4276-aa04-8a3589d24cfe
127.0.0.1 - - [08/Feb/2025 02:49:41] "POST /inference HTTP/1.1" 200 -
2025-02-08 02:49:42,936 - LoudVA - INFO - [LoudScheduler] - Latency constraint allows for waiting, holding for more images.
2025-02-08 02:49:44,139 - LoudVA - INFO - [LoudServer] - Inference completed. Request ID: 3a06a370-19b4-4fc0-a585-fd52f2d2f551
127.0.0.1 - - [08/Feb/2025 02:49:44] "POST /inference HTTP/1.1" 200 -
2025-02-08 02:49:44,568 - LoudVA - INFO - [LoudScheduler] - Dispatching to agx-xavier-00 with frequency 1032750000, batch size 23
2025-02-08 02:49:44,637 - LoudVA - INFO - [DeviceData] - Frequency set to 1032750000 MHz on agx-xavier-00
2025-02-08 02:49:46,571 - LoudVA - INFO - [LoudServer] - Received inference request with latency constraint: 11.0
2025-02-08 02:49:46,582 - LoudVA - INFO - [LoudScheduler] - Latency constraint allows for waiting, holding for more images.
2025-02-08 02:49:47,474 - LoudVA - INFO - [LoudServer] - Inference completed. Request ID: cdeb8d1b-8811-40a7-83aa-5061c436d852
2025-02-08 02:49:47,477 - LoudVA - INFO - [LoudServer] - Inference completed. Request ID: 7c4e2212-2653-4b8c-a0d5-75e8ab686de1
127.0.0.1 - - [08/Feb/2025 02:49:47] "POST /inference HTTP/1.1" 200 -
127.0.0.1 - - [08/Feb/2025 02:49:47] "POST /inference HTTP/1.1" 200 -
2025-02-08 02:49:51,503 - LoudVA - INFO - [DeviceData] - Frequency set to 114750000 MHz on agx-xavier-00
2025-02-08 02:49:51,564 - LoudVA - INFO - [LoudServer] - Received inference request with latency constraint: 7.0
2025-02-08 02:49:53,834 - LoudVA - INFO - [LoudScheduler] - Dispatching to agx-xavier-00 with frequency 905250000, batch size 10
2025-02-08 02:49:53,844 - LoudVA - WARNING - [LoudScheduler] - No available devices found. Returning None. Waiting for devices to become available.
2025-02-08 02:49:53,906 - LoudVA - INFO - [DeviceData] - Frequency set to 905250000 MHz on agx-xavier-00
2025-02-08 02:49:55,092 - LoudVA - INFO - [LoudScheduler] - Latency constraint allows for waiting, holding for more images.
2025-02-08 02:49:55,275 - LoudVA - INFO - [LoudServer] - Inference completed. Request ID: c4f8a5f0-a2ac-46ba-918b-8f2c846955bf
127.0.0.1 - - [08/Feb/2025 02:49:55] "POST /inference HTTP/1.1" 200 -
2025-02-08 02:49:55,289 - LoudVA - INFO - [LoudScheduler] - Dispatching to agx-xavier-00 with frequency 1032750000, batch size 1
2025-02-08 02:49:55,358 - LoudVA - INFO - [DeviceData] - Frequency set to 1032750000 MHz on agx-xavier-00
2025-02-08 02:49:55,571 - LoudVA - INFO - [LoudServer] - Inference completed. Request ID: 37179644-305f-43fd-b5d1-af0e0fcc97c4
127.0.0.1 - - [08/Feb/2025 02:49:55] "POST /inference HTTP/1.1" 200 -
2025-02-08 02:49:56,597 - LoudVA - INFO - [LoudServer] - Received inference request with latency constraint: 16.0
2025-02-08 02:49:56,603 - LoudVA - INFO - [LoudScheduler] - Latency constraint allows for waiting, holding for more images.
2025-02-08 02:50:01,535 - LoudVA - INFO - [DeviceData] - Frequency set to 114750000 MHz on agx-xavier-00
2025-02-08 02:50:01,557 - LoudVA - INFO - [LoudServer] - Received inference request with latency constraint: 12.0
2025-02-08 02:50:06,569 - LoudVA - INFO - [LoudScheduler] - Dispatching to agx-xavier-00 with frequency 905250000, batch size 17
2025-02-08 02:50:06,580 - LoudVA - WARNING - [LoudScheduler] - No available devices found. Returning None. Waiting for devices to become available.
2025-02-08 02:50:06,615 - LoudVA - INFO - [LoudServer] - Received inference request with latency constraint: 11.0
2025-02-08 02:50:06,639 - LoudVA - INFO - [DeviceData] - Frequency set to 905250000 MHz on agx-xavier-00
2025-02-08 02:50:07,920 - LoudVA - INFO - [LoudScheduler] - Latency constraint allows for waiting, holding for more images.
2025-02-08 02:50:08,859 - LoudVA - INFO - [LoudServer] - Inference completed. Request ID: 1f3bb6f9-9730-469a-a2bd-9d6a9ba04d0d
127.0.0.1 - - [08/Feb/2025 02:50:08] "POST /inference HTTP/1.1" 200 -
2025-02-08 02:50:09,821 - LoudVA - INFO - [LoudScheduler] - Dispatching to agx-xavier-00 with frequency 1032750000, batch size 12
2025-02-08 02:50:09,831 - LoudVA - WARNING - [LoudScheduler] - No available devices found. Returning None. Waiting for devices to become available.
2025-02-08 02:50:09,891 - LoudVA - INFO - [DeviceData] - Frequency set to 1032750000 MHz on agx-xavier-00
2025-02-08 02:50:11,074 - LoudVA - INFO - [LoudScheduler] - Latency constraint allows for waiting, holding for more images.
2025-02-08 02:50:11,610 - LoudVA - INFO - [LoudServer] - Received inference request with latency constraint: 17.0
2025-02-08 02:50:12,039 - LoudVA - INFO - [LoudServer] - Inference completed. Request ID: 91dafa69-7eea-43d9-982a-0fbe1b183280
127.0.0.1 - - [08/Feb/2025 02:50:12] "POST /inference HTTP/1.1" 200 -
2025-02-08 02:50:15,187 - LoudVA - INFO - [LoudScheduler] - Dispatching to agx-xavier-00 with frequency 1032750000, batch size 23
2025-02-08 02:50:16,584 - LoudVA - INFO - [LoudServer] - Received inference request with latency constraint: 10.0
2025-02-08 02:50:16,596 - LoudVA - INFO - [LoudScheduler] - Latency constraint allows for waiting, holding for more images.
2025-02-08 02:50:18,095 - LoudVA - INFO - [LoudServer] - Inference completed. Request ID: d916af31-bf91-44e2-ad23-d3a210596798
127.0.0.1 - - [08/Feb/2025 02:50:18] "POST /inference HTTP/1.1" 200 -
2025-02-08 02:50:18,106 - LoudVA - INFO - [LoudServer] - Inference completed. Request ID: 4d993f7e-89b9-41cb-b02b-83aa9f45e1f0
127.0.0.1 - - [08/Feb/2025 02:50:18] "POST /inference HTTP/1.1" 200 -
2025-02-08 02:50:21,574 - LoudVA - INFO - [LoudServer] - Received inference request with latency constraint: 9.0
2025-02-08 02:50:21,603 - LoudVA - INFO - [DeviceData] - Frequency set to 114750000 MHz on agx-xavier-00
2025-02-08 02:50:22,601 - LoudVA - INFO - [LoudScheduler] - Dispatching to agx-xavier-00 with frequency 905250000, batch size 16
2025-02-08 02:50:22,671 - LoudVA - INFO - [DeviceData] - Frequency set to 905250000 MHz on agx-xavier-00
2025-02-08 02:50:24,761 - LoudVA - INFO - [LoudServer] - Inference completed. Request ID: c195f354-da83-4173-97af-40dc31d40fc1
127.0.0.1 - - [08/Feb/2025 02:50:24] "POST /inference HTTP/1.1" 200 -
2025-02-08 02:50:24,774 - LoudVA - INFO - [LoudServer] - Inference completed. Request ID: 5acc5b0c-9564-4e89-bc2b-9aaa5110005e
127.0.0.1 - - [08/Feb/2025 02:50:24] "POST /inference HTTP/1.1" 200 -
