2025-01-24 18:33:38,635 - LoudVA - INFO - [LoudController] - Starting LoudController...
2025-01-24 18:33:38,635 - LoudVA - INFO - [LoudController] - Press CTRL+C to stop the controller.
2025-01-24 18:33:38,635 - LoudVA - INFO - [LoudController] - Debug mode: False
 * Serving Flask app 'LoudServer'
 * Debug mode: off
WARNING: This is a development server. Do not use it in a production deployment. Use a production WSGI server instead.
 * Running on http://127.0.0.1:5000
Press CTRL+C to quit
2025-01-24 18:33:40,046 - LoudVA - INFO - [DeviceData] - Training the LoudCostPredictor...
2025-01-24 18:33:40,229 - LoudVA - INFO - [DeviceData] - LoudCostPredictor training complete. Training time: 0.18216538429260254 seconds.
2025-01-24 18:33:40,229 - LoudVA - INFO - [DeviceData] - Using profiling data for decision making.
2025-01-24 18:33:40,229 - LoudVA - INFO - [DeviceData] - Filling missing profile data with predictions.
2025-01-24 18:33:40,230 - LoudVA - INFO - [DeviceData] - Loaded profile from /home/louduser/LoudVA/LoudController/../measurements/archive/Representative/agx-xavier-00/measurements/agx-xavier-00_filtered_freqs.csv
2025-01-24 18:33:40,230 - LoudVA - INFO - [DeviceData] - Loaded profile from /home/louduser/LoudVA/LoudController/../measurements/archive/Representative/xavier-nx-00/measurements/xavier-nx-00_filtered_freqs.csv
2025-01-24 18:33:40,231 - LoudVA - INFO - [DeviceData] - Loaded profile from /home/louduser/LoudVA/LoudController/../measurements/archive/Representative/LoudJetson0/measurements/LoudJetson0_filtered_freqs.csv
2025-01-24 18:33:40,232 - LoudVA - INFO - [DeviceData] - Loaded GPU specs from /home/louduser/LoudVA/LoudController/../data/devices/gpu_specs.csv
2025-01-24 18:33:40,263 - LoudVA - INFO - [DeviceData] - Initial frequency on agx-xavier-00: 905250000
2025-01-24 18:33:47,184 - LoudVA - INFO - [DeviceData] - agx-xavier-00 : Missing profile data filled with predictions.
2025-01-24 18:33:47,184 - LoudVA - INFO - [DeviceData] - Devices initialized successfully
Models trained successfully.
127.0.0.1 - - [24/Jan/2025 18:34:38] "GET / HTTP/1.1" 200 -
2025-01-24 18:34:48,700 - LoudVA - INFO - [LoudServer] - Received inference request with latency constraint: 230.0
2025-01-24 18:34:58,721 - LoudVA - INFO - [LoudServer] - Received inference request with latency constraint: 163.0
2025-01-24 18:34:58,908 - LoudVA - INFO - [LoudScheduler] - Dispatching to agx-xavier-00 with frequency 905250000, batch size 51
2025-01-24 18:34:59,000 - LoudVA - INFO - [DeviceData] - Frequency set to 905250000 MHz on agx-xavier-00
2025-01-24 18:35:08,578 - LoudVA - INFO - [LoudServer] - Received inference request with latency constraint: 27.0
2025-01-24 18:35:18,574 - LoudVA - INFO - [LoudServer] - Received inference request with latency constraint: 12.0
2025-01-24 18:35:27,297 - LoudVA - INFO - [LoudScheduler] - Dispatching to agx-xavier-00 with frequency 1032750000, batch size 41
2025-01-24 18:35:27,373 - LoudVA - INFO - [DeviceData] - Frequency set to 1032750000 MHz on agx-xavier-00
2025-01-24 18:35:28,776 - LoudVA - INFO - [LoudServer] - Received inference request with latency constraint: 51.0
2025-01-24 18:35:32,796 - LoudVA - INFO - [LoudServer] - Inference completed. Request ID: 507fea81-5a0b-403e-98f0-e3f478ff13c5
127.0.0.1 - - [24/Jan/2025 18:35:32] "POST /inference HTTP/1.1" 200 -
2025-01-24 18:35:32,806 - LoudVA - INFO - [LoudServer] - Inference completed. Request ID: 6cc7903d-20a6-49d3-8e90-c2d7048148df
127.0.0.1 - - [24/Jan/2025 18:35:32] "POST /inference HTTP/1.1" 200 -
2025-01-24 18:35:32,858 - LoudVA - INFO - [LoudServer] - Inference completed. Request ID: 9fe432bc-9681-423e-9b15-2640b1511d97
127.0.0.1 - - [24/Jan/2025 18:35:32] "POST /inference HTTP/1.1" 200 -
2025-01-24 18:35:38,623 - LoudVA - INFO - [LoudServer] - Received inference request with latency constraint: 140.0
2025-01-24 18:35:38,889 - LoudVA - INFO - [LoudScheduler] - Dispatching to agx-xavier-00 with frequency 905250000, batch size 51
2025-01-24 18:35:39,052 - LoudVA - INFO - [DeviceData] - Frequency set to 905250000 MHz on agx-xavier-00
2025-01-24 18:35:46,570 - LoudVA - INFO - [LoudServer] - Inference completed. Request ID: d68d8549-f6bf-4dc1-9b6b-159afc9d6b68
127.0.0.1 - - [24/Jan/2025 18:35:46] "POST /inference HTTP/1.1" 200 -
2025-01-24 18:35:48,570 - LoudVA - INFO - [LoudServer] - Received inference request with latency constraint: 76.0
2025-01-24 18:35:49,791 - LoudVA - INFO - [LoudServer] - Received inference request with latency constraint: 9.0
2025-01-24 18:35:52,745 - LoudVA - INFO - [LoudServer] - Received inference request with latency constraint: 29.0
2025-01-24 18:35:55,719 - LoudVA - INFO - [LoudServer] - Received inference request with latency constraint: 3.0
2025-01-24 18:35:56,562 - LoudVA - INFO - [LoudScheduler] - Dispatching to agx-xavier-00 with frequency 905250000, batch size 51
2025-01-24 18:35:56,633 - LoudVA - INFO - [DeviceData] - Frequency set to 905250000 MHz on agx-xavier-00
2025-01-24 18:35:58,803 - LoudVA - INFO - [LoudServer] - Received inference request with latency constraint: 16.0
2025-01-24 18:36:01,742 - LoudVA - INFO - [LoudServer] - Received inference request with latency constraint: 18.0
2025-01-24 18:36:03,345 - LoudVA - INFO - [LoudServer] - Inference completed. Request ID: 05581ebf-b635-4a8a-923c-9e61159bce6c
127.0.0.1 - - [24/Jan/2025 18:36:03] "POST /inference HTTP/1.1" 200 -
2025-01-24 18:36:03,347 - LoudVA - INFO - [LoudServer] - Inference completed. Request ID: d16b299a-3ea6-426d-b0f8-1efc05443695
127.0.0.1 - - [24/Jan/2025 18:36:03] "POST /inference HTTP/1.1" 200 -
2025-01-24 18:36:03,378 - LoudVA - INFO - [LoudServer] - Inference completed. Request ID: 18ab7d6f-0dd8-4352-8747-103717d30804
127.0.0.1 - - [24/Jan/2025 18:36:03] "POST /inference HTTP/1.1" 200 -
2025-01-24 18:36:03,403 - LoudVA - INFO - [LoudServer] - Inference completed. Request ID: 54ad60a8-a093-4205-98af-b03640becc6b
127.0.0.1 - - [24/Jan/2025 18:36:03] "POST /inference HTTP/1.1" 200 -
2025-01-24 18:36:04,784 - LoudVA - INFO - [LoudServer] - Received inference request with latency constraint: 69.0
2025-01-24 18:36:07,772 - LoudVA - INFO - [LoudServer] - Received inference request with latency constraint: 25.0
2025-01-24 18:36:10,749 - LoudVA - INFO - [LoudServer] - Received inference request with latency constraint: 10.0
2025-01-24 18:36:12,630 - LoudVA - INFO - [LoudScheduler] - Dispatching to agx-xavier-00 with frequency 905250000, batch size 51
2025-01-24 18:36:12,707 - LoudVA - INFO - [DeviceData] - Frequency set to 905250000 MHz on agx-xavier-00
2025-01-24 18:36:19,273 - LoudVA - INFO - [LoudServer] - Inference completed. Request ID: 83f0a4a4-3bd2-4047-84a9-d7e97b82f9e7
127.0.0.1 - - [24/Jan/2025 18:36:19] "POST /inference HTTP/1.1" 200 -
2025-01-24 18:36:19,294 - LoudVA - INFO - [LoudServer] - Inference completed. Request ID: 10121265-e806-4e24-819e-577178e31a15
127.0.0.1 - - [24/Jan/2025 18:36:19] "POST /inference HTTP/1.1" 200 -
2025-01-24 18:36:19,311 - LoudVA - INFO - [LoudServer] - Inference completed. Request ID: aa00db9c-f3f9-4b2c-bab5-86484eb422dc
2025-01-24 18:36:19,313 - LoudVA - INFO - [LoudServer] - Inference completed. Request ID: e55473a0-a12b-4abb-997c-ba29a9a96c74
127.0.0.1 - - [24/Jan/2025 18:36:19] "POST /inference HTTP/1.1" 200 -
127.0.0.1 - - [24/Jan/2025 18:36:19] "POST /inference HTTP/1.1" 200 -
2025-01-24 18:36:19,334 - LoudVA - INFO - [LoudServer] - Inference completed. Request ID: 913b310b-09ae-466c-bca2-e88a699cb491
2025-01-24 18:36:19,336 - LoudVA - INFO - [LoudServer] - Inference completed. Request ID: 706929e5-3ebd-4059-9870-b7910e2746ef
127.0.0.1 - - [24/Jan/2025 18:36:19] "POST /inference HTTP/1.1" 200 -
127.0.0.1 - - [24/Jan/2025 18:36:19] "POST /inference HTTP/1.1" 200 -
2025-01-24 18:37:07,026 - LoudVA - INFO - [LoudServer] - Received inference request with latency constraint: 89.0
2025-01-24 18:37:16,755 - LoudVA - INFO - [LoudServer] - Received inference request with latency constraint: 12.0
2025-01-24 18:37:24,514 - LoudVA - INFO - [LoudServer] - Received inference request with latency constraint: 35.0
2025-01-24 18:37:25,469 - LoudVA - INFO - [LoudScheduler] - Dispatching to agx-xavier-00 with frequency 1032750000, batch size 41
2025-01-24 18:37:25,544 - LoudVA - INFO - [DeviceData] - Frequency set to 1032750000 MHz on agx-xavier-00
2025-01-24 18:37:26,800 - LoudVA - INFO - [LoudServer] - Received inference request with latency constraint: 28.0
2025-01-24 18:37:27,435 - LoudVA - INFO - [LoudServer] - Received inference request with latency constraint: 54.0
2025-01-24 18:37:30,458 - LoudVA - INFO - [LoudServer] - Received inference request with latency constraint: 52.0
2025-01-24 18:37:31,388 - LoudVA - INFO - [LoudServer] - Inference completed. Request ID: 0ee9b95b-ece9-4815-ac79-d57b0dd57560
127.0.0.1 - - [24/Jan/2025 18:37:31] "POST /inference HTTP/1.1" 200 -
2025-01-24 18:37:31,402 - LoudVA - INFO - [LoudServer] - Inference completed. Request ID: aa4a667a-36a7-4d94-aa8b-9cdc71292d5c
127.0.0.1 - - [24/Jan/2025 18:37:31] "POST /inference HTTP/1.1" 200 -
2025-01-24 18:37:33,439 - LoudVA - INFO - [LoudServer] - Received inference request with latency constraint: 12.0
2025-01-24 18:37:36,437 - LoudVA - INFO - [LoudServer] - Received inference request with latency constraint: 59.0
2025-01-24 18:37:36,563 - LoudVA - INFO - [LoudScheduler] - Dispatching to agx-xavier-00 with frequency 905250000, batch size 51
2025-01-24 18:37:36,635 - LoudVA - INFO - [DeviceData] - Frequency set to 905250000 MHz on agx-xavier-00
2025-01-24 18:37:36,834 - LoudVA - INFO - [LoudServer] - Received inference request with latency constraint: 38.0
2025-01-24 18:37:39,403 - LoudVA - INFO - [LoudServer] - Received inference request with latency constraint: 5.0
2025-01-24 18:37:41,416 - LoudVA - INFO - [LoudScheduler] - Dispatching to agx-xavier-00 with frequency 1032750000, batch size 32
2025-01-24 18:37:41,540 - LoudVA - INFO - [DeviceData] - Frequency set to 1032750000 MHz on agx-xavier-00
2025-01-24 18:37:42,437 - LoudVA - INFO - [LoudServer] - Received inference request with latency constraint: 49.0
2025-01-24 18:37:43,527 - LoudVA - INFO - [LoudServer] - Received inference request with latency constraint: 251.0
2025-01-24 18:37:43,995 - LoudVA - INFO - [LoudServer] - Inference completed. Request ID: a508e5d3-b524-4afb-86f5-b2fa3774a4e4
127.0.0.1 - - [24/Jan/2025 18:37:43] "POST /inference HTTP/1.1" 200 -
2025-01-24 18:37:44,014 - LoudVA - INFO - [LoudServer] - Inference completed. Request ID: 0de5d0f3-51b4-4fb3-bb00-d71b7840bd52
127.0.0.1 - - [24/Jan/2025 18:37:44] "POST /inference HTTP/1.1" 200 -
2025-01-24 18:37:44,057 - LoudVA - INFO - [LoudServer] - Inference completed. Request ID: 261a48ee-12d0-4403-b3d5-f81751964e49
127.0.0.1 - - [24/Jan/2025 18:37:44] "POST /inference HTTP/1.1" 200 -
2025-01-24 18:37:44,061 - LoudVA - INFO - [LoudServer] - Inference completed. Request ID: 031cf842-a425-4251-90cf-31219a3f7fd9
127.0.0.1 - - [24/Jan/2025 18:37:44] "POST /inference HTTP/1.1" 200 -
2025-01-24 18:37:45,414 - LoudVA - INFO - [LoudServer] - Received inference request with latency constraint: 36.0
2025-01-24 18:37:45,504 - LoudVA - INFO - [LoudScheduler] - Dispatching to agx-xavier-00 with frequency 905250000, batch size 51
2025-01-24 18:37:45,626 - LoudVA - INFO - [DeviceData] - Frequency set to 905250000 MHz on agx-xavier-00
2025-01-24 18:37:46,205 - LoudVA - INFO - [LoudServer] - Inference completed. Request ID: 74d9dc3a-6f64-4a6f-adb2-f4c76c9466da
127.0.0.1 - - [24/Jan/2025 18:37:46] "POST /inference HTTP/1.1" 200 -
2025-01-24 18:37:46,265 - LoudVA - INFO - [LoudServer] - Inference completed. Request ID: 8da7bc6f-2e89-497a-9617-43d211e00575
127.0.0.1 - - [24/Jan/2025 18:37:46] "POST /inference HTTP/1.1" 200 -
2025-01-24 18:37:46,276 - LoudVA - INFO - [LoudServer] - Inference completed. Request ID: 8ffeb90c-fcaf-438a-a7ad-c1a7a5d3a991
127.0.0.1 - - [24/Jan/2025 18:37:46] "POST /inference HTTP/1.1" 200 -
2025-01-24 18:37:46,743 - LoudVA - INFO - [LoudServer] - Received inference request with latency constraint: 9.0
2025-01-24 18:37:48,414 - LoudVA - INFO - [LoudServer] - Received inference request with latency constraint: 34.0
2025-01-24 18:37:51,403 - LoudVA - INFO - [LoudServer] - Received inference request with latency constraint: 4.0
2025-01-24 18:37:52,299 - LoudVA - INFO - [LoudServer] - Inference completed. Request ID: c8661481-1cff-480a-b4cc-747fa266ddc7
127.0.0.1 - - [24/Jan/2025 18:37:52] "POST /inference HTTP/1.1" 200 -
2025-01-24 18:37:52,308 - LoudVA - INFO - [LoudServer] - Inference completed. Request ID: 5fcbfa01-adbb-419a-bb13-acac7e3a84f8
127.0.0.1 - - [24/Jan/2025 18:37:52] "POST /inference HTTP/1.1" 200 -
2025-01-24 18:37:52,317 - LoudVA - INFO - [LoudServer] - Inference completed. Request ID: b0a50042-92c0-4ada-b2fa-42f9caf78d3f
127.0.0.1 - - [24/Jan/2025 18:37:52] "POST /inference HTTP/1.1" 200 -
2025-01-24 18:37:52,331 - LoudVA - INFO - [LoudServer] - Inference completed. Request ID: 531d8674-0439-411f-a9b2-aa56c3a90d39
127.0.0.1 - - [24/Jan/2025 18:37:52] "POST /inference HTTP/1.1" 200 -
2025-01-24 18:37:52,769 - LoudVA - INFO - [LoudScheduler] - Dispatching to agx-xavier-00 with frequency 1032750000, batch size 23
2025-01-24 18:37:52,838 - LoudVA - INFO - [DeviceData] - Frequency set to 1032750000 MHz on agx-xavier-00
2025-01-24 18:37:53,413 - LoudVA - INFO - [LoudServer] - Received inference request with latency constraint: 18.0
2025-01-24 18:37:54,447 - LoudVA - INFO - [LoudServer] - Received inference request with latency constraint: 34.0
2025-01-24 18:37:55,788 - LoudVA - INFO - [LoudServer] - Inference completed. Request ID: 8bf0e68d-132e-414a-b551-940201496993
127.0.0.1 - - [24/Jan/2025 18:37:55] "POST /inference HTTP/1.1" 200 -
2025-01-24 18:37:55,813 - LoudVA - INFO - [LoudServer] - Inference completed. Request ID: 6d22eb93-f539-4ef6-aea3-6513bc0f6e92
127.0.0.1 - - [24/Jan/2025 18:37:55] "POST /inference HTTP/1.1" 200 -
2025-01-24 18:37:55,815 - LoudVA - INFO - [LoudServer] - Inference completed. Request ID: 6fee576d-6a31-42b7-acad-b6198d84e79e
127.0.0.1 - - [24/Jan/2025 18:37:55] "POST /inference HTTP/1.1" 200 -
2025-01-24 18:37:56,776 - LoudVA - INFO - [LoudServer] - Received inference request with latency constraint: 46.0
2025-01-24 18:37:57,455 - LoudVA - INFO - [LoudServer] - Received inference request with latency constraint: 68.0
2025-01-24 18:38:00,425 - LoudVA - INFO - [LoudServer] - Received inference request with latency constraint: 43.0
2025-01-24 18:38:03,417 - LoudVA - INFO - [LoudServer] - Received inference request with latency constraint: 11.0
2025-01-24 18:38:03,492 - LoudVA - INFO - [LoudScheduler] - Dispatching to agx-xavier-00 with frequency 905250000, batch size 51
2025-01-24 18:38:03,563 - LoudVA - INFO - [LoudServer] - Received inference request with latency constraint: 207.0
2025-01-24 18:38:03,655 - LoudVA - INFO - [DeviceData] - Frequency set to 905250000 MHz on agx-xavier-00
2025-01-24 18:38:06,400 - LoudVA - INFO - [LoudServer] - Received inference request with latency constraint: 1.0
2025-01-24 18:38:06,420 - LoudVA - INFO - [LoudScheduler] - Dispatching to agx-xavier-00 with frequency 905250000, batch size 51
2025-01-24 18:38:06,519 - LoudVA - INFO - [DeviceData] - Frequency set to 905250000 MHz on agx-xavier-00
2025-01-24 18:38:07,005 - LoudVA - INFO - [LoudServer] - Received inference request with latency constraint: 188.0
2025-01-24 18:38:09,412 - LoudVA - INFO - [LoudServer] - Received inference request with latency constraint: 8.0
2025-01-24 18:38:12,507 - LoudVA - INFO - [LoudServer] - Received inference request with latency constraint: 52.0
2025-01-24 18:38:13,447 - LoudVA - INFO - [LoudServer] - Received inference request with latency constraint: 18.0
2025-01-24 18:38:13,524 - LoudVA - INFO - [LoudScheduler] - Dispatching to agx-xavier-00 with frequency 905250000, batch size 51
2025-01-24 18:38:13,544 - LoudVA - WARNING - [LoudScheduler] - No available devices found.
2025-01-24 18:38:13,557 - LoudVA - WARNING - [LoudScheduler] - No available devices found.
2025-01-24 18:38:13,573 - LoudVA - WARNING - [LoudScheduler] - No available devices found.
2025-01-24 18:38:13,592 - LoudVA - WARNING - [LoudScheduler] - No available devices found.
2025-01-24 18:38:13,602 - LoudVA - WARNING - [LoudScheduler] - No available devices found.
2025-01-24 18:38:13,613 - LoudVA - WARNING - [LoudScheduler] - No available devices found.
2025-01-24 18:38:13,624 - LoudVA - WARNING - [LoudScheduler] - No available devices found.
2025-01-24 18:38:13,629 - LoudVA - INFO - [DeviceData] - Frequency set to 905250000 MHz on agx-xavier-00
2025-01-24 18:38:13,635 - LoudVA - WARNING - [LoudScheduler] - No available devices found.
2025-01-24 18:38:13,646 - LoudVA - WARNING - [LoudScheduler] - No available devices found.
2025-01-24 18:38:13,657 - LoudVA - WARNING - [LoudScheduler] - No available devices found.
2025-01-24 18:38:13,667 - LoudVA - WARNING - [LoudScheduler] - No available devices found.
2025-01-24 18:38:13,678 - LoudVA - WARNING - [LoudScheduler] - No available devices found.
2025-01-24 18:38:13,689 - LoudVA - WARNING - [LoudScheduler] - No available devices found.
2025-01-24 18:38:13,700 - LoudVA - WARNING - [LoudScheduler] - No available devices found.
2025-01-24 18:38:13,710 - LoudVA - WARNING - [LoudScheduler] - No available devices found.
2025-01-24 18:38:13,721 - LoudVA - WARNING - [LoudScheduler] - No available devices found.
2025-01-24 18:38:13,732 - LoudVA - WARNING - [LoudScheduler] - No available devices found.
2025-01-24 18:38:13,742 - LoudVA - WARNING - [LoudScheduler] - No available devices found.
2025-01-24 18:38:13,753 - LoudVA - WARNING - [LoudScheduler] - No available devices found.
2025-01-24 18:38:13,764 - LoudVA - WARNING - [LoudScheduler] - No available devices found.
2025-01-24 18:38:13,774 - LoudVA - WARNING - [LoudScheduler] - No available devices found.
2025-01-24 18:38:13,785 - LoudVA - WARNING - [LoudScheduler] - No available devices found.
2025-01-24 18:38:13,796 - LoudVA - WARNING - [LoudScheduler] - No available devices found.
2025-01-24 18:38:13,807 - LoudVA - WARNING - [LoudScheduler] - No available devices found.
2025-01-24 18:38:13,818 - LoudVA - WARNING - [LoudScheduler] - No available devices found.
2025-01-24 18:38:13,829 - LoudVA - WARNING - [LoudScheduler] - No available devices found.
2025-01-24 18:38:13,840 - LoudVA - WARNING - [LoudScheduler] - No available devices found.
2025-01-24 18:38:13,850 - LoudVA - WARNING - [LoudScheduler] - No available devices found.
2025-01-24 18:38:13,861 - LoudVA - WARNING - [LoudScheduler] - No available devices found.
2025-01-24 18:38:13,872 - LoudVA - WARNING - [LoudScheduler] - No available devices found.
2025-01-24 18:38:13,883 - LoudVA - WARNING - [LoudScheduler] - No available devices found.
2025-01-24 18:38:13,893 - LoudVA - WARNING - [LoudScheduler] - No available devices found.
2025-01-24 18:38:13,904 - LoudVA - WARNING - [LoudScheduler] - No available devices found.
2025-01-24 18:38:13,915 - LoudVA - WARNING - [LoudScheduler] - No available devices found.
2025-01-24 18:38:13,925 - LoudVA - WARNING - [LoudScheduler] - No available devices found.
2025-01-24 18:38:13,936 - LoudVA - WARNING - [LoudScheduler] - No available devices found.
2025-01-24 18:38:13,947 - LoudVA - WARNING - [LoudScheduler] - No available devices found.
2025-01-24 18:38:13,958 - LoudVA - WARNING - [LoudScheduler] - No available devices found.
2025-01-24 18:38:13,968 - LoudVA - WARNING - [LoudScheduler] - No available devices found.
2025-01-24 18:38:13,981 - LoudVA - WARNING - [LoudScheduler] - No available devices found.
2025-01-24 18:38:13,992 - LoudVA - WARNING - [LoudScheduler] - No available devices found.
2025-01-24 18:38:14,002 - LoudVA - WARNING - [LoudScheduler] - No available devices found.
2025-01-24 18:38:14,013 - LoudVA - WARNING - [LoudScheduler] - No available devices found.
2025-01-24 18:38:14,023 - LoudVA - WARNING - [LoudScheduler] - No available devices found.
2025-01-24 18:38:14,033 - LoudVA - WARNING - [LoudScheduler] - No available devices found.
2025-01-24 18:38:14,044 - LoudVA - WARNING - [LoudScheduler] - No available devices found.
2025-01-24 18:38:14,055 - LoudVA - WARNING - [LoudScheduler] - No available devices found.
2025-01-24 18:38:14,065 - LoudVA - WARNING - [LoudScheduler] - No available devices found.
2025-01-24 18:38:14,076 - LoudVA - WARNING - [LoudScheduler] - No available devices found.
2025-01-24 18:38:14,087 - LoudVA - WARNING - [LoudScheduler] - No available devices found.
2025-01-24 18:38:14,098 - LoudVA - WARNING - [LoudScheduler] - No available devices found.
2025-01-24 18:38:14,109 - LoudVA - WARNING - [LoudScheduler] - No available devices found.
2025-01-24 18:38:14,120 - LoudVA - WARNING - [LoudScheduler] - No available devices found.
2025-01-24 18:38:14,131 - LoudVA - WARNING - [LoudScheduler] - No available devices found.
2025-01-24 18:38:14,142 - LoudVA - WARNING - [LoudScheduler] - No available devices found.
2025-01-24 18:38:14,152 - LoudVA - WARNING - [LoudScheduler] - No available devices found.
2025-01-24 18:38:14,163 - LoudVA - WARNING - [LoudScheduler] - No available devices found.
2025-01-24 18:38:14,174 - LoudVA - WARNING - [LoudScheduler] - No available devices found.
2025-01-24 18:38:14,185 - LoudVA - WARNING - [LoudScheduler] - No available devices found.
2025-01-24 18:38:14,196 - LoudVA - WARNING - [LoudScheduler] - No available devices found.
2025-01-24 18:38:14,207 - LoudVA - WARNING - [LoudScheduler] - No available devices found.
2025-01-24 18:38:14,218 - LoudVA - WARNING - [LoudScheduler] - No available devices found.
2025-01-24 18:38:14,229 - LoudVA - WARNING - [LoudScheduler] - No available devices found.
2025-01-24 18:38:14,240 - LoudVA - WARNING - [LoudScheduler] - No available devices found.
2025-01-24 18:38:14,250 - LoudVA - WARNING - [LoudScheduler] - No available devices found.
2025-01-24 18:38:14,261 - LoudVA - WARNING - [LoudScheduler] - No available devices found.
2025-01-24 18:38:14,272 - LoudVA - WARNING - [LoudScheduler] - No available devices found.
2025-01-24 18:38:14,283 - LoudVA - WARNING - [LoudScheduler] - No available devices found.
2025-01-24 18:38:14,294 - LoudVA - WARNING - [LoudScheduler] - No available devices found.
2025-01-24 18:38:14,305 - LoudVA - WARNING - [LoudScheduler] - No available devices found.
2025-01-24 18:38:14,316 - LoudVA - WARNING - [LoudScheduler] - No available devices found.
2025-01-24 18:38:14,327 - LoudVA - WARNING - [LoudScheduler] - No available devices found.
2025-01-24 18:38:14,338 - LoudVA - WARNING - [LoudScheduler] - No available devices found.
2025-01-24 18:38:14,349 - LoudVA - WARNING - [LoudScheduler] - No available devices found.
2025-01-24 18:38:14,361 - LoudVA - WARNING - [LoudScheduler] - No available devices found.
2025-01-24 18:38:14,372 - LoudVA - WARNING - [LoudScheduler] - No available devices found.
2025-01-24 18:38:14,383 - LoudVA - WARNING - [LoudScheduler] - No available devices found.
2025-01-24 18:38:14,394 - LoudVA - WARNING - [LoudScheduler] - No available devices found.
2025-01-24 18:38:14,405 - LoudVA - WARNING - [LoudScheduler] - No available devices found.
2025-01-24 18:38:14,416 - LoudVA - WARNING - [LoudScheduler] - No available devices found.
2025-01-24 18:38:14,428 - LoudVA - WARNING - [LoudScheduler] - No available devices found.
2025-01-24 18:38:14,439 - LoudVA - WARNING - [LoudScheduler] - No available devices found.
2025-01-24 18:38:14,450 - LoudVA - WARNING - [LoudScheduler] - No available devices found.
2025-01-24 18:38:14,464 - LoudVA - WARNING - [LoudScheduler] - No available devices found.
2025-01-24 18:38:14,497 - LoudVA - WARNING - [LoudScheduler] - No available devices found.
2025-01-24 18:38:14,508 - LoudVA - WARNING - [LoudScheduler] - No available devices found.
2025-01-24 18:38:14,519 - LoudVA - WARNING - [LoudScheduler] - No available devices found.
2025-01-24 18:38:14,532 - LoudVA - WARNING - [LoudScheduler] - No available devices found.
2025-01-24 18:38:14,544 - LoudVA - WARNING - [LoudScheduler] - No available devices found.
2025-01-24 18:38:14,556 - LoudVA - WARNING - [LoudScheduler] - No available devices found.
2025-01-24 18:38:14,567 - LoudVA - WARNING - [LoudScheduler] - No available devices found.
2025-01-24 18:38:14,580 - LoudVA - INFO - [LoudServer] - Inference completed. Request ID: 6703525a-0565-4326-9048-0d968c2469bf
127.0.0.1 - - [24/Jan/2025 18:38:14] "POST /inference HTTP/1.1" 200 -
2025-01-24 18:38:14,635 - LoudVA - INFO - [LoudServer] - Inference completed. Request ID: 518462d7-d59d-4e3b-a601-ad1aad3c6317
127.0.0.1 - - [24/Jan/2025 18:38:14] "POST /inference HTTP/1.1" 200 -
2025-01-24 18:38:14,647 - LoudVA - INFO - [LoudServer] - Inference completed. Request ID: d75938a4-ece6-481d-be02-ce84fb426395
127.0.0.1 - - [24/Jan/2025 18:38:14] "POST /inference HTTP/1.1" 200 -
2025-01-24 18:38:14,657 - LoudVA - INFO - [LoudServer] - Inference completed. Request ID: 6b1e013a-dd53-467d-bf62-d62c81ad5ff8
127.0.0.1 - - [24/Jan/2025 18:38:14] "POST /inference HTTP/1.1" 200 -
2025-01-24 18:38:15,453 - LoudVA - INFO - [LoudServer] - Received inference request with latency constraint: 20.0
2025-01-24 18:38:17,664 - LoudVA - INFO - [LoudServer] - Inference completed. Request ID: f60eb5c5-793c-436d-b89e-05f36af28c46
127.0.0.1 - - [24/Jan/2025 18:38:17] "POST /inference HTTP/1.1" 200 -
2025-01-24 18:38:17,696 - LoudVA - INFO - [LoudServer] - Inference completed. Request ID: 34e144b8-ca49-468d-aa85-8f88e0f4f696
127.0.0.1 - - [24/Jan/2025 18:38:17] "POST /inference HTTP/1.1" 200 -
2025-01-24 18:38:17,751 - LoudVA - INFO - [LoudServer] - Inference completed. Request ID: 11a52c31-793e-456a-bd64-881899543472
127.0.0.1 - - [24/Jan/2025 18:38:17] "POST /inference HTTP/1.1" 200 -
2025-01-24 18:38:18,424 - LoudVA - INFO - [LoudServer] - Received inference request with latency constraint: 17.0
2025-01-24 18:38:21,345 - LoudVA - INFO - [LoudServer] - Inference completed. Request ID: f1dd1444-f708-40c8-b9a8-9692837f1634
127.0.0.1 - - [24/Jan/2025 18:38:21] "POST /inference HTTP/1.1" 200 -
2025-01-24 18:38:21,376 - LoudVA - INFO - [LoudServer] - Inference completed. Request ID: 785550f2-8c73-454c-8363-4af3dc35d978
127.0.0.1 - - [24/Jan/2025 18:38:21] "POST /inference HTTP/1.1" 200 -
2025-01-24 18:38:21,404 - LoudVA - INFO - [LoudServer] - Received inference request with latency constraint: 1.0
2025-01-24 18:38:21,414 - LoudVA - INFO - [LoudScheduler] - Dispatching to agx-xavier-00 with frequency 905250000, batch size 32
2025-01-24 18:38:21,485 - LoudVA - INFO - [DeviceData] - Frequency set to 905250000 MHz on agx-xavier-00
2025-01-24 18:38:23,540 - LoudVA - INFO - [LoudServer] - Received inference request with latency constraint: 185.0
2025-01-24 18:38:24,427 - LoudVA - INFO - [LoudServer] - Received inference request with latency constraint: 35.0
2025-01-24 18:38:25,701 - LoudVA - INFO - [LoudServer] - Inference completed. Request ID: e5f26b1f-b9d5-4704-a6e7-9fc578acf4c5
127.0.0.1 - - [24/Jan/2025 18:38:25] "POST /inference HTTP/1.1" 200 -
2025-01-24 18:38:25,748 - LoudVA - INFO - [LoudServer] - Inference completed. Request ID: bcf6724b-c0b3-4266-8211-f7d18230b134
127.0.0.1 - - [24/Jan/2025 18:38:25] "POST /inference HTTP/1.1" 200 -
2025-01-24 18:38:25,754 - LoudVA - INFO - [LoudServer] - Inference completed. Request ID: 539453c7-76a9-480e-b0ae-ab434ed212ff
127.0.0.1 - - [24/Jan/2025 18:38:25] "POST /inference HTTP/1.1" 200 -
2025-01-24 18:38:25,758 - LoudVA - INFO - [LoudServer] - Inference completed. Request ID: d0029120-6402-46be-be18-c817c75f7f95
127.0.0.1 - - [24/Jan/2025 18:38:25] "POST /inference HTTP/1.1" 200 -
2025-01-24 18:38:25,776 - LoudVA - INFO - [LoudServer] - Inference completed. Request ID: 3caf12ec-88a3-457b-b183-a2c0e3b657e4
127.0.0.1 - - [24/Jan/2025 18:38:25] "POST /inference HTTP/1.1" 200 -
2025-01-24 18:38:27,420 - LoudVA - INFO - [LoudServer] - Received inference request with latency constraint: 15.0
2025-01-24 18:38:30,443 - LoudVA - INFO - [LoudServer] - Received inference request with latency constraint: 25.0
2025-01-24 18:38:30,508 - LoudVA - INFO - [LoudScheduler] - Dispatching to agx-xavier-00 with frequency 905250000, batch size 51
2025-01-24 18:38:30,578 - LoudVA - INFO - [DeviceData] - Frequency set to 905250000 MHz on agx-xavier-00
2025-01-24 18:38:33,387 - LoudVA - INFO - [LoudServer] - Received inference request with latency constraint: 22.0
2025-01-24 18:38:33,427 - LoudVA - INFO - [LoudServer] - Received inference request with latency constraint: 15.0
2025-01-24 18:38:36,446 - LoudVA - INFO - [LoudServer] - Received inference request with latency constraint: 24.0
2025-01-24 18:38:37,616 - LoudVA - INFO - [LoudServer] - Inference completed. Request ID: 7dd6f389-a33c-4487-947d-1b175dc9cf73
127.0.0.1 - - [24/Jan/2025 18:38:37] "POST /inference HTTP/1.1" 200 -
2025-01-24 18:38:37,630 - LoudVA - INFO - [LoudServer] - Inference completed. Request ID: ae4c5648-3f5d-40f9-90df-307d4c0f6dfa
127.0.0.1 - - [24/Jan/2025 18:38:37] "POST /inference HTTP/1.1" 200 -
2025-01-24 18:38:39,418 - LoudVA - INFO - [LoudServer] - Received inference request with latency constraint: 14.0
2025-01-24 18:38:42,398 - LoudVA - INFO - [LoudServer] - Received inference request with latency constraint: 5.0
2025-01-24 18:38:43,511 - LoudVA - INFO - [LoudServer] - Received inference request with latency constraint: 187.0
2025-01-24 18:38:43,613 - LoudVA - INFO - [LoudScheduler] - Dispatching to agx-xavier-00 with frequency 905250000, batch size 51
2025-01-24 18:38:43,683 - LoudVA - INFO - [DeviceData] - Frequency set to 905250000 MHz on agx-xavier-00
2025-01-24 18:38:45,451 - LoudVA - INFO - [LoudServer] - Received inference request with latency constraint: 42.0
2025-01-24 18:38:48,428 - LoudVA - INFO - [LoudServer] - Received inference request with latency constraint: 12.0
2025-01-24 18:38:50,600 - LoudVA - INFO - [LoudServer] - Inference completed. Request ID: 0154d2cb-bcb2-4cfb-968d-02cc22d18c27
127.0.0.1 - - [24/Jan/2025 18:38:50] "POST /inference HTTP/1.1" 200 -
2025-01-24 18:38:50,611 - LoudVA - INFO - [LoudServer] - Inference completed. Request ID: b070721e-a973-4d00-a217-dedccf89ef04
127.0.0.1 - - [24/Jan/2025 18:38:50] "POST /inference HTTP/1.1" 200 -
2025-01-24 18:38:50,630 - LoudVA - INFO - [LoudServer] - Inference completed. Request ID: 7c23d5cb-668e-4401-9a62-7221f9f0627a
127.0.0.1 - - [24/Jan/2025 18:38:50] "POST /inference HTTP/1.1" 200 -
2025-01-24 18:38:50,647 - LoudVA - INFO - [LoudServer] - Inference completed. Request ID: ab879222-30c0-4f26-8a69-d25acec7300c
127.0.0.1 - - [24/Jan/2025 18:38:50] "POST /inference HTTP/1.1" 200 -
2025-01-24 18:38:50,662 - LoudVA - INFO - [LoudServer] - Inference completed. Request ID: 65394a96-5cca-4fc1-b2bb-e0e6c34bed4d
127.0.0.1 - - [24/Jan/2025 18:38:50] "POST /inference HTTP/1.1" 200 -
2025-01-24 18:38:50,672 - LoudVA - INFO - [LoudServer] - Inference completed. Request ID: 27a169c6-b17c-4f64-ae50-067c78bfc5d8
127.0.0.1 - - [24/Jan/2025 18:38:50] "POST /inference HTTP/1.1" 200 -
2025-01-24 18:38:51,409 - LoudVA - INFO - [LoudServer] - Received inference request with latency constraint: 5.0
2025-01-24 18:38:54,240 - LoudVA - INFO - [LoudScheduler] - Dispatching to agx-xavier-00 with frequency 905250000, batch size 51
2025-01-24 18:38:54,309 - LoudVA - INFO - [DeviceData] - Frequency set to 905250000 MHz on agx-xavier-00
2025-01-24 18:38:54,455 - LoudVA - INFO - [LoudServer] - Received inference request with latency constraint: 21.0
2025-01-24 18:38:57,419 - LoudVA - INFO - [LoudServer] - Received inference request with latency constraint: 3.0
2025-01-24 18:38:59,676 - LoudVA - INFO - [LoudScheduler] - Dispatching to agx-xavier-00 with frequency 905250000, batch size 14
2025-01-24 18:38:59,786 - LoudVA - INFO - [DeviceData] - Frequency set to 905250000 MHz on agx-xavier-00
2025-01-24 18:39:00,417 - LoudVA - INFO - [LoudServer] - Received inference request with latency constraint: 1.0
2025-01-24 18:39:01,029 - LoudVA - INFO - [LoudServer] - Inference completed. Request ID: c1c7bc28-c500-4d9a-9b63-d75773194943
127.0.0.1 - - [24/Jan/2025 18:39:01] "POST /inference HTTP/1.1" 200 -
2025-01-24 18:39:01,041 - LoudVA - INFO - [LoudServer] - Inference completed. Request ID: 6d4f73bb-df78-410d-8315-52005bbb426f
127.0.0.1 - - [24/Jan/2025 18:39:01] "POST /inference HTTP/1.1" 200 -
2025-01-24 18:39:01,047 - LoudVA - INFO - [LoudServer] - Inference completed. Request ID: 88f5e0ce-b6fd-466d-bb01-9d14a8a49b89
127.0.0.1 - - [24/Jan/2025 18:39:01] "POST /inference HTTP/1.1" 200 -
2025-01-24 18:39:01,068 - LoudVA - INFO - [LoudServer] - Inference completed. Request ID: 8b22bf99-6f11-4cc8-98f4-ae850b177c76
127.0.0.1 - - [24/Jan/2025 18:39:01] "POST /inference HTTP/1.1" 200 -
2025-01-24 18:39:01,105 - LoudVA - INFO - [LoudServer] - Inference completed. Request ID: b927951f-9bac-4f84-ba08-13b225016b47
127.0.0.1 - - [24/Jan/2025 18:39:01] "POST /inference HTTP/1.1" 200 -
2025-01-24 18:39:01,132 - LoudVA - INFO - [LoudServer] - Inference completed. Request ID: fa50e057-b26c-40a6-bfae-07a6351fc29d
127.0.0.1 - - [24/Jan/2025 18:39:01] "POST /inference HTTP/1.1" 200 -
2025-01-24 18:39:01,306 - LoudVA - INFO - [LoudScheduler] - Dispatching to agx-xavier-00 with frequency 905250000, batch size 1
2025-01-24 18:39:01,318 - LoudVA - INFO - [LoudScheduler] - Dispatching to agx-xavier-00 with frequency 905250000, batch size 1
2025-01-24 18:39:01,424 - LoudVA - INFO - [DeviceData] - Frequency set to 905250000 MHz on agx-xavier-00
2025-01-24 18:39:01,427 - LoudVA - INFO - [DeviceData] - Frequency set to 905250000 MHz on agx-xavier-00
2025-01-24 18:39:02,079 - LoudVA - INFO - [LoudServer] - Inference completed. Request ID: 40b7cc3a-a316-4c63-b7c3-512e64ab3cf0
127.0.0.1 - - [24/Jan/2025 18:39:02] "POST /inference HTTP/1.1" 200 -
2025-01-24 18:39:02,093 - LoudVA - INFO - [LoudServer] - Inference completed. Request ID: 17d29a57-1279-490c-aa19-31b8f85f2344
127.0.0.1 - - [24/Jan/2025 18:39:02] "POST /inference HTTP/1.1" 200 -
2025-01-24 18:39:02,100 - LoudVA - INFO - [LoudServer] - Inference completed. Request ID: 8a5d9679-38e6-488a-9a84-caa88610ef96
127.0.0.1 - - [24/Jan/2025 18:39:02] "POST /inference HTTP/1.1" 200 -
2025-01-24 18:39:02,110 - LoudVA - INFO - [LoudServer] - Inference completed. Request ID: 56694652-b00e-45b3-8189-bd4020f973bd
127.0.0.1 - - [24/Jan/2025 18:39:02] "POST /inference HTTP/1.1" 200 -
2025-01-24 18:39:03,414 - LoudVA - INFO - [LoudServer] - Received inference request with latency constraint: 23.0
2025-01-24 18:39:06,407 - LoudVA - INFO - [LoudServer] - Received inference request with latency constraint: 6.0
2025-01-24 18:39:09,475 - LoudVA - INFO - [LoudServer] - Received inference request with latency constraint: 82.0
2025-01-24 18:39:09,519 - LoudVA - INFO - [LoudScheduler] - Dispatching to agx-xavier-00 with frequency 828750000, batch size 27
2025-01-24 18:39:09,677 - LoudVA - INFO - [DeviceData] - Frequency set to 828750000 MHz on agx-xavier-00
2025-01-24 18:39:12,444 - LoudVA - INFO - [LoudServer] - Received inference request with latency constraint: 21.0
2025-01-24 18:39:13,398 - LoudVA - INFO - [LoudServer] - Inference completed. Request ID: 57bfa65f-999d-4f62-8079-ee68f8131e84
127.0.0.1 - - [24/Jan/2025 18:39:13] "POST /inference HTTP/1.1" 200 -
2025-01-24 18:39:13,416 - LoudVA - INFO - [LoudServer] - Inference completed. Request ID: a3e708d6-e437-4051-b946-fa13a55e3ccc
127.0.0.1 - - [24/Jan/2025 18:39:13] "POST /inference HTTP/1.1" 200 -
2025-01-24 18:39:13,423 - LoudVA - INFO - [LoudServer] - Inference completed. Request ID: efcba484-b9d5-42a7-9dd4-8f77eb88701e
127.0.0.1 - - [24/Jan/2025 18:39:13] "POST /inference HTTP/1.1" 200 -
2025-01-24 18:39:15,433 - LoudVA - INFO - [LoudServer] - Received inference request with latency constraint: 64.0
2025-01-24 18:39:18,430 - LoudVA - INFO - [LoudServer] - Received inference request with latency constraint: 39.0
2025-01-24 18:39:21,405 - LoudVA - INFO - [LoudServer] - Received inference request with latency constraint: 1.0
2025-01-24 18:39:21,416 - LoudVA - INFO - [LoudScheduler] - Dispatching to agx-xavier-00 with frequency 828750000, batch size 27
2025-01-24 18:39:21,488 - LoudVA - INFO - [DeviceData] - Frequency set to 828750000 MHz on agx-xavier-00
2025-01-24 18:39:25,285 - LoudVA - INFO - [LoudServer] - Inference completed. Request ID: 905f6c38-beee-4bdb-b289-2205e669d44a
127.0.0.1 - - [24/Jan/2025 18:39:25] "POST /inference HTTP/1.1" 200 -
2025-01-24 18:39:25,297 - LoudVA - INFO - [LoudServer] - Inference completed. Request ID: c3948271-ff26-483e-a864-7add8d834ecc
127.0.0.1 - - [24/Jan/2025 18:39:25] "POST /inference HTTP/1.1" 200 -
2025-01-24 18:39:25,304 - LoudVA - INFO - [LoudServer] - Inference completed. Request ID: 5dc3e849-cd05-4f86-b9d3-0c56a75556ec
127.0.0.1 - - [24/Jan/2025 18:39:25] "POST /inference HTTP/1.1" 200 -
2025-01-24 18:40:17,462 - LoudVA - INFO - [LoudScheduler] - Dispatching to agx-xavier-00 with frequency 905250000, batch size 4
2025-01-24 18:40:17,540 - LoudVA - INFO - [DeviceData] - Frequency set to 905250000 MHz on agx-xavier-00
2025-01-24 18:40:18,511 - LoudVA - INFO - [LoudServer] - Inference completed. Request ID: dfc92813-0bf8-4c59-8c2a-ee236c02b0b1
127.0.0.1 - - [24/Jan/2025 18:40:18] "POST /inference HTTP/1.1" 200 -
