2025-02-14 20:34:05,205 - LoudVA - INFO - [LoudController] - Starting LoudController...
2025-02-14 20:34:05,205 - LoudVA - INFO - [LoudController] - Press CTRL+C to stop the controller.
2025-02-14 20:34:05,205 - LoudVA - INFO - [LoudController] - Debug mode: False
2025-02-14 20:34:05,236 - LoudVA - INFO - [LoudController] - Selected scheduler: interval
2025-02-14 20:34:05,244 - LoudVA - INFO - [LoudServer] - Starting LoudVA server...
 * Serving Flask app 'LoudServer'
 * Debug mode: off
WARNING: This is a development server. Do not use it in a production deployment. Use a production WSGI server instead.
 * Running on http://127.0.0.1:5000
Press CTRL+C to quit
2025-02-14 20:34:06,469 - LoudVA - INFO - [DeviceData] - Using profiling data for decision making.
2025-02-14 20:34:06,469 - LoudVA - INFO - [DeviceData] - Filling missing profile data with predictions.
2025-02-14 20:34:06,470 - LoudVA - INFO - [DeviceData] - Loaded network costs from /home/louduser/LoudVA/LoudController/../measurements/network/network_cost.csv
2025-02-14 20:34:06,478 - LoudVA - INFO - [DeviceData] - Loaded profile from /home/louduser/LoudVA/LoudController/../measurements/archive/Representative/Profiling.csv
2025-02-14 20:34:06,478 - LoudVA - INFO - [DeviceData] - Loaded profile from /home/louduser/LoudVA/LoudController/../measurements/archive/Representative/xavier-nx-00/measurements/xavier-nx-00_filtered_freqs.csv
2025-02-14 20:34:06,478 - LoudVA - INFO - [DeviceData] - Loaded profile from /home/louduser/LoudVA/LoudController/../measurements/archive/Representative/LoudJetson0/measurements/LoudJetson0_filtered_freqs.csv
2025-02-14 20:34:06,478 - LoudVA - INFO - [DeviceData] - Loaded GPU specs from /home/louduser/LoudVA/LoudController/../data/devices/gpu_specs.csv
2025-02-14 20:34:06,507 - LoudVA - INFO - [DeviceData] - Initial frequency on agx-xavier-00: 114750000
2025-02-14 20:34:06,507 - LoudVA - INFO - [DeviceData] - agx-xavier-00 : Filling missing profile data...
2025-02-14 20:34:06,507 - LoudVA - INFO - [DeviceData] - agx-xavier-00 : Missing profile data filled with predictions.
2025-02-14 20:34:06,508 - LoudVA - INFO - [DeviceData] - Devices initialized successfully
2025-02-14 20:34:06,508 - LoudVA - INFO - [LoudController] - Using batching interval 0.5
127.0.0.1 - - [14/Feb/2025 20:35:07] "GET / HTTP/1.1" 200 -
2025-02-14 20:35:17,525 - LoudVA - INFO - [LoudServer] - Received inference request with latency constraint: 13.200563
2025-02-14 20:35:19,452 - LoudVA - INFO - [LoudServer] - Completed. Request ID: 3c613230-ce00-4bde-9676-c969a98d89a3
127.0.0.1 - - [14/Feb/2025 20:35:19] "POST /inference HTTP/1.1" 200 -
2025-02-14 20:35:27,637 - LoudVA - INFO - [LoudServer] - Received inference request with latency constraint: 20.598773
2025-02-14 20:35:37,677 - LoudVA - INFO - [LoudServer] - Received inference request with latency constraint: 23.598773
2025-02-14 20:35:41,218 - LoudVA - INFO - [LoudServer] - Completed. Request ID: 78b9a8c5-2409-431f-a76d-f094a757168a
127.0.0.1 - - [14/Feb/2025 20:35:41] "POST /inference HTTP/1.1" 200 -
2025-02-14 20:35:47,653 - LoudVA - INFO - [LoudServer] - Received inference request with latency constraint: 23.861499
2025-02-14 20:35:53,115 - LoudVA - INFO - [LoudServer] - Completed. Request ID: 0ef91376-ca44-4d22-9b09-898a90df725c
127.0.0.1 - - [14/Feb/2025 20:35:53] "POST /inference HTTP/1.1" 200 -
2025-02-14 20:35:57,676 - LoudVA - INFO - [LoudServer] - Received inference request with latency constraint: 22.226053
2025-02-14 20:35:59,730 - LoudVA - INFO - [LoudServer] - Received inference request with latency constraint: 16.110268
2025-02-14 20:36:00,673 - LoudVA - INFO - [LoudServer] - Received inference request with latency constraint: 14.29484
2025-02-14 20:36:01,430 - LoudVA - INFO - [LoudServer] - Completed. Request ID: 9972284f-5f39-4a3a-bf13-ea1b94e97602
127.0.0.1 - - [14/Feb/2025 20:36:01] "POST /inference HTTP/1.1" 200 -
2025-02-14 20:36:01,657 - LoudVA - INFO - [LoudServer] - Received inference request with latency constraint: 6.64948
2025-02-14 20:36:02,621 - LoudVA - INFO - [LoudServer] - Received inference request with latency constraint: 14.741029
2025-02-14 20:36:03,611 - LoudVA - INFO - [LoudServer] - Received inference request with latency constraint: 16.465794
2025-02-14 20:36:04,637 - LoudVA - INFO - [LoudServer] - Received inference request with latency constraint: 16.200563
2025-02-14 20:36:05,627 - LoudVA - INFO - [LoudServer] - Received inference request with latency constraint: 11.741029
2025-02-14 20:36:06,315 - LoudVA - INFO - [LoudServer] - Received inference request with latency constraint: 18.741029
2025-02-14 20:36:06,647 - LoudVA - INFO - [LoudServer] - Received inference request with latency constraint: 19.027485
2025-02-14 20:36:07,254 - LoudVA - INFO - [LoudServer] - Received inference request with latency constraint: 3.098841
2025-02-14 20:36:07,596 - LoudVA - INFO - [LoudServer] - Received inference request with latency constraint: 15.843875
2025-02-14 20:36:07,653 - LoudVA - INFO - [LoudServer] - Received inference request with latency constraint: 17.934937
2025-02-14 20:36:08,274 - LoudVA - INFO - [LoudServer] - Received inference request with latency constraint: 5.374043
2025-02-14 20:36:08,626 - LoudVA - INFO - [LoudServer] - Received inference request with latency constraint: 8.465794
2025-02-14 20:36:09,267 - LoudVA - INFO - [LoudServer] - Received inference request with latency constraint: 9.281418
2025-02-14 20:36:09,626 - LoudVA - INFO - [LoudServer] - Received inference request with latency constraint: 9.190029
2025-02-14 20:36:10,302 - LoudVA - INFO - [LoudServer] - Received inference request with latency constraint: 18.281418
2025-02-14 20:36:10,641 - LoudVA - INFO - [LoudServer] - Received inference request with latency constraint: 11.465794
2025-02-14 20:36:11,272 - LoudVA - INFO - [LoudServer] - Received inference request with latency constraint: 9.374043
2025-02-14 20:36:11,641 - LoudVA - INFO - [LoudServer] - Received inference request with latency constraint: 19.741029
2025-02-14 20:36:12,415 - LoudVA - INFO - [LoudServer] - Received inference request with latency constraint: 20.934937
2025-02-14 20:36:12,673 - LoudVA - INFO - [LoudServer] - Received inference request with latency constraint: 13.110268
2025-02-14 20:36:13,311 - LoudVA - INFO - [LoudServer] - Received inference request with latency constraint: 7.741029
2025-02-14 20:36:13,669 - LoudVA - INFO - [LoudServer] - Received inference request with latency constraint: 4.374043
2025-02-14 20:36:14,258 - LoudVA - INFO - [LoudServer] - Received inference request with latency constraint: 14.190029
2025-02-14 20:36:14,693 - LoudVA - INFO - [LoudServer] - Received inference request with latency constraint: 18.64948
2025-02-14 20:36:15,446 - LoudVA - INFO - [LoudServer] - Received inference request with latency constraint: 16.741029
2025-02-14 20:36:15,617 - LoudVA - INFO - [LoudServer] - Received inference request with latency constraint: 15.64948
2025-02-14 20:36:16,369 - LoudVA - INFO - [LoudServer] - Received inference request with latency constraint: 18.465794
2025-02-14 20:36:16,751 - LoudVA - INFO - [LoudServer] - Received inference request with latency constraint: 15.29484
2025-02-14 20:36:17,260 - LoudVA - INFO - [LoudServer] - Received inference request with latency constraint: 16.281418
2025-02-14 20:36:17,714 - LoudVA - INFO - [LoudServer] - Received inference request with latency constraint: 7.559861
2025-02-14 20:36:18,056 - LoudVA - INFO - [LoudServer] - Received inference request with latency constraint: 19.49637
2025-02-14 20:36:18,332 - LoudVA - INFO - [LoudServer] - Received inference request with latency constraint: 9.64948
2025-02-14 20:36:18,611 - LoudVA - INFO - [LoudServer] - Received inference request with latency constraint: 3.374043
2025-02-14 20:36:19,478 - LoudVA - INFO - [LoudServer] - Received inference request with latency constraint: 17.027485
2025-02-14 20:36:19,703 - LoudVA - INFO - [LoudServer] - Received inference request with latency constraint: 11.64948
2025-02-14 20:36:19,995 - LoudVA - INFO - [LoudServer] - Completed. Request ID: 13c599d9-1c91-4987-81d0-46487d9550ad
127.0.0.1 - - [14/Feb/2025 20:36:20] "POST /inference HTTP/1.1" 200 -
2025-02-14 20:36:20,611 - LoudVA - INFO - [LoudServer] - Received inference request with latency constraint: 15.934937
2025-02-14 20:36:20,730 - LoudVA - INFO - [LoudServer] - Received inference request with latency constraint: 20.741029
2025-02-14 20:36:21,479 - LoudVA - INFO - [LoudServer] - Received inference request with latency constraint: 18.027485
2025-02-14 20:36:21,860 - LoudVA - INFO - [LoudServer] - Received inference request with latency constraint: 12.200563
2025-02-14 20:36:22,480 - LoudVA - INFO - [LoudServer] - Received inference request with latency constraint: 16.29484
2025-02-14 20:36:22,648 - LoudVA - INFO - [LoudServer] - Received inference request with latency constraint: 17.281418
2025-02-14 20:36:23,455 - LoudVA - INFO - [LoudServer] - Received inference request with latency constraint: 14.934937
2025-02-14 20:36:23,690 - LoudVA - INFO - [LoudServer] - Received inference request with latency constraint: 14.559861
2025-02-14 20:36:24,454 - LoudVA - INFO - [LoudServer] - Received inference request with latency constraint: 12.027485
2025-02-14 20:36:24,605 - LoudVA - INFO - [LoudServer] - Completed. Request ID: 1a3b398f-c19e-40ef-8451-a8e17f6c12e9
127.0.0.1 - - [14/Feb/2025 20:36:24] "POST /inference HTTP/1.1" 200 -
2025-02-14 20:36:24,626 - LoudVA - INFO - [LoudServer] - Received inference request with latency constraint: 14.110268
2025-02-14 20:36:25,310 - LoudVA - INFO - [LoudServer] - Received inference request with latency constraint: 18.374043
2025-02-14 20:36:25,956 - LoudVA - INFO - [LoudServer] - Received inference request with latency constraint: 17.027485
2025-02-14 20:36:26,299 - LoudVA - INFO - [LoudServer] - Received inference request with latency constraint: 11.741029
2025-02-14 20:36:26,724 - LoudVA - INFO - [LoudServer] - Received inference request with latency constraint: 19.934937
2025-02-14 20:36:27,294 - LoudVA - INFO - [LoudServer] - Received inference request with latency constraint: 8.465794
2025-02-14 20:36:27,633 - LoudVA - INFO - [LoudServer] - Received inference request with latency constraint: 20.934937
2025-02-14 20:36:28,246 - LoudVA - INFO - [LoudServer] - Received inference request with latency constraint: 5.374043
2025-02-14 20:36:28,621 - LoudVA - INFO - [LoudServer] - Received inference request with latency constraint: 6.281418
2025-02-14 20:36:28,783 - LoudVA - INFO - [LoudServer] - Completed. Request ID: e4f0c080-aa97-4ea8-9992-05ae969d51be
127.0.0.1 - - [14/Feb/2025 20:36:28] "POST /inference HTTP/1.1" 200 -
2025-02-14 20:36:29,265 - LoudVA - INFO - [LoudServer] - Received inference request with latency constraint: 15.833391
2025-02-14 20:36:29,640 - LoudVA - INFO - [LoudServer] - Received inference request with latency constraint: 7.741029
2025-02-14 20:36:30,313 - LoudVA - INFO - [LoudServer] - Received inference request with latency constraint: 10.741029
2025-02-14 20:36:30,675 - LoudVA - INFO - [LoudServer] - Received inference request with latency constraint: 16.64948
2025-02-14 20:36:31,281 - LoudVA - INFO - [LoudServer] - Received inference request with latency constraint: 17.833391
2025-02-14 20:36:31,615 - LoudVA - INFO - [LoudServer] - Received inference request with latency constraint: 20.559861
2025-02-14 20:36:31,846 - LoudVA - INFO - [LoudServer] - Completed. Request ID: 1dad0652-7984-492b-880e-fbf835a3a24c
127.0.0.1 - - [14/Feb/2025 20:36:31] "POST /inference HTTP/1.1" 200 -
2025-02-14 20:36:32,351 - LoudVA - INFO - [LoudServer] - Received inference request with latency constraint: 11.027485
2025-02-14 20:36:32,665 - LoudVA - INFO - [LoudServer] - Received inference request with latency constraint: 14.110268
2025-02-14 20:36:33,280 - LoudVA - INFO - [LoudServer] - Received inference request with latency constraint: 13.200563
2025-02-14 20:36:33,596 - LoudVA - INFO - [LoudServer] - Received inference request with latency constraint: 12.190029
2025-02-14 20:36:33,717 - LoudVA - INFO - [LoudServer] - Completed. Request ID: 0c9bd9d8-5c21-4bbc-8a02-cfb3229093f3
127.0.0.1 - - [14/Feb/2025 20:36:33] "POST /inference HTTP/1.1" 200 -
2025-02-14 20:36:34,270 - LoudVA - INFO - [LoudServer] - Received inference request with latency constraint: 20.64948
2025-02-14 20:36:34,634 - LoudVA - INFO - [LoudServer] - Received inference request with latency constraint: 11.741029
2025-02-14 20:36:34,716 - LoudVA - INFO - [LoudServer] - Completed. Request ID: e9828fb0-a19a-4c0c-ac69-57490ef3e67d
127.0.0.1 - - [14/Feb/2025 20:36:34] "POST /inference HTTP/1.1" 200 -
2025-02-14 20:36:35,315 - LoudVA - INFO - [LoudServer] - Received inference request with latency constraint: 17.110268
2025-02-14 20:36:35,621 - LoudVA - INFO - [LoudServer] - Received inference request with latency constraint: 16.374043
2025-02-14 20:36:36,267 - LoudVA - INFO - [LoudServer] - Received inference request with latency constraint: 4.281418
2025-02-14 20:36:36,593 - LoudVA - INFO - [LoudServer] - Received inference request with latency constraint: 6.281418
2025-02-14 20:36:37,351 - LoudVA - INFO - [LoudServer] - Received inference request with latency constraint: 21.29484
2025-02-14 20:36:37,638 - LoudVA - INFO - [LoudServer] - Completed. Request ID: 16fa79ae-c66c-440c-80ce-dfcc58a675e6
127.0.0.1 - - [14/Feb/2025 20:36:37] "POST /inference HTTP/1.1" 200 -
2025-02-14 20:36:37,671 - LoudVA - INFO - [LoudServer] - Received inference request with latency constraint: 14.934937
2025-02-14 20:36:38,337 - LoudVA - INFO - [LoudServer] - Received inference request with latency constraint: 17.559861
2025-02-14 20:36:38,642 - LoudVA - INFO - [LoudServer] - Received inference request with latency constraint: 16.190029
2025-02-14 20:36:39,251 - LoudVA - INFO - [LoudServer] - Received inference request with latency constraint: 4.374043
2025-02-14 20:36:39,631 - LoudVA - INFO - [LoudServer] - Received inference request with latency constraint: 9.833391
2025-02-14 20:36:40,238 - LoudVA - INFO - [LoudServer] - Completed. Request ID: 4363c241-73a8-450f-a706-b6bef5d9f777
127.0.0.1 - - [14/Feb/2025 20:36:40] "POST /inference HTTP/1.1" 200 -
2025-02-14 20:36:40,274 - LoudVA - INFO - [LoudServer] - Received inference request with latency constraint: 5.465794
2025-02-14 20:36:40,611 - LoudVA - INFO - [LoudServer] - Received inference request with latency constraint: 18.465794
2025-02-14 20:36:41,273 - LoudVA - INFO - [LoudServer] - Received inference request with latency constraint: 6.465794
2025-02-14 20:36:41,627 - LoudVA - INFO - [LoudServer] - Received inference request with latency constraint: 12.741029
2025-02-14 20:36:42,323 - LoudVA - INFO - [LoudServer] - Received inference request with latency constraint: 13.027485
2025-02-14 20:36:42,635 - LoudVA - INFO - [LoudServer] - Received inference request with latency constraint: 13.741029
2025-02-14 20:36:43,269 - LoudVA - INFO - [LoudServer] - Received inference request with latency constraint: 9.281418
2025-02-14 20:36:43,617 - LoudVA - INFO - [LoudServer] - Received inference request with latency constraint: 19.559861
2025-02-14 20:36:43,753 - LoudVA - INFO - [LoudServer] - Completed. Request ID: 1fd3ca86-5a59-4715-a82b-35a626529978
127.0.0.1 - - [14/Feb/2025 20:36:43] "POST /inference HTTP/1.1" 200 -
2025-02-14 20:36:44,308 - LoudVA - INFO - [LoudServer] - Received inference request with latency constraint: 14.374043
2025-02-14 20:36:44,622 - LoudVA - INFO - [LoudServer] - Received inference request with latency constraint: 12.741029
2025-02-14 20:36:45,336 - LoudVA - INFO - [LoudServer] - Received inference request with latency constraint: 18.64948
2025-02-14 20:36:45,593 - LoudVA - INFO - [LoudServer] - Received inference request with latency constraint: 9.098841
2025-02-14 20:36:46,292 - LoudVA - INFO - [LoudServer] - Received inference request with latency constraint: 19.64948
2025-02-14 20:36:46,646 - LoudVA - INFO - [LoudServer] - Received inference request with latency constraint: 13.833391
2025-02-14 20:36:47,285 - LoudVA - INFO - [LoudServer] - Received inference request with latency constraint: 5.559861
2025-02-14 20:36:47,733 - LoudVA - INFO - [LoudServer] - Received inference request with latency constraint: 16.29484
2025-02-14 20:36:48,196 - LoudVA - INFO - [LoudServer] - Completed. Request ID: 54937ab7-39f3-42a2-a4d1-10e648dc1658
127.0.0.1 - - [14/Feb/2025 20:36:48] "POST /inference HTTP/1.1" 200 -
2025-02-14 20:36:48,279 - LoudVA - INFO - [LoudServer] - Received inference request with latency constraint: 12.934937
2025-02-14 20:36:48,638 - LoudVA - INFO - [LoudServer] - Completed. Request ID: 038114db-3fff-49b8-8dbe-8a6e593ce824
127.0.0.1 - - [14/Feb/2025 20:36:48] "POST /inference HTTP/1.1" 200 -
2025-02-14 20:36:48,654 - LoudVA - INFO - [LoudServer] - Received inference request with latency constraint: 7.559861
2025-02-14 20:36:49,265 - LoudVA - INFO - [LoudServer] - Received inference request with latency constraint: 6.374043
2025-02-14 20:36:49,653 - LoudVA - INFO - [LoudServer] - Received inference request with latency constraint: 19.559861
2025-02-14 20:36:50,437 - LoudVA - INFO - [LoudServer] - Received inference request with latency constraint: 16.200563
2025-02-14 20:36:50,708 - LoudVA - INFO - [LoudServer] - Received inference request with latency constraint: 18.29484
2025-02-14 20:36:51,302 - LoudVA - INFO - [LoudServer] - Received inference request with latency constraint: 14.833391
2025-02-14 20:36:51,612 - LoudVA - INFO - [LoudServer] - Received inference request with latency constraint: 17.281418
2025-02-14 20:36:52,279 - LoudVA - INFO - [LoudServer] - Received inference request with latency constraint: 14.465794
2025-02-14 20:36:52,724 - LoudVA - INFO - [LoudServer] - Received inference request with latency constraint: 13.027485
2025-02-14 20:36:53,366 - LoudVA - INFO - [LoudServer] - Received inference request with latency constraint: 16.741029
2025-02-14 20:36:53,722 - LoudVA - INFO - [LoudServer] - Received inference request with latency constraint: 14.833391
2025-02-14 20:36:54,296 - LoudVA - INFO - [LoudServer] - Received inference request with latency constraint: 14.64948
2025-02-14 20:36:54,647 - LoudVA - INFO - [LoudServer] - Received inference request with latency constraint: 6.64948
2025-02-14 20:36:55,414 - LoudVA - INFO - [LoudServer] - Received inference request with latency constraint: 19.934937
2025-02-14 20:36:55,744 - LoudVA - INFO - [LoudServer] - Received inference request with latency constraint: 4.465794
2025-02-14 20:36:56,300 - LoudVA - INFO - [LoudServer] - Received inference request with latency constraint: 9.281418
2025-02-14 20:36:56,872 - LoudVA - INFO - [LoudServer] - Completed. Request ID: e7c1779f-731f-4852-a42d-f52db7d0b131
127.0.0.1 - - [14/Feb/2025 20:36:56] "POST /inference HTTP/1.1" 200 -
2025-02-14 20:36:56,884 - LoudVA - INFO - [LoudServer] - Received inference request with latency constraint: 19.29484
2025-02-14 20:36:57,262 - LoudVA - INFO - [LoudServer] - Received inference request with latency constraint: 10.281418
2025-02-14 20:36:57,599 - LoudVA - INFO - [LoudServer] - Received inference request with latency constraint: 19.190029
2025-02-14 20:36:58,423 - LoudVA - INFO - [LoudServer] - Received inference request with latency constraint: 14.027485
2025-02-14 20:36:59,349 - LoudVA - INFO - [LoudServer] - Received inference request with latency constraint: 19.200563
2025-02-14 20:37:00,282 - LoudVA - INFO - [LoudServer] - Received inference request with latency constraint: 17.934937
2025-02-14 20:37:00,869 - LoudVA - INFO - [LoudServer] - Completed. Request ID: 73ded354-389b-4ae6-8bd1-b090164b0085
127.0.0.1 - - [14/Feb/2025 20:37:00] "POST /inference HTTP/1.1" 200 -
2025-02-14 20:37:01,374 - LoudVA - INFO - [LoudServer] - Received inference request with latency constraint: 13.200563
2025-02-14 20:37:02,230 - LoudVA - INFO - [LoudServer] - Completed. Request ID: ca45370c-e97d-437f-925e-2ca6b751049d
127.0.0.1 - - [14/Feb/2025 20:37:02] "POST /inference HTTP/1.1" 200 -
2025-02-14 20:37:02,247 - LoudVA - INFO - [LoudServer] - Received inference request with latency constraint: 16.098841
2025-02-14 20:37:03,354 - LoudVA - INFO - [LoudServer] - Received inference request with latency constraint: 13.29484
2025-02-14 20:37:04,366 - LoudVA - INFO - [LoudServer] - Received inference request with latency constraint: 18.741029
2025-02-14 20:37:04,853 - LoudVA - INFO - [LoudServer] - Completed. Request ID: caa98d64-38e5-4a1c-8899-07f71e19ff75
127.0.0.1 - - [14/Feb/2025 20:37:04] "POST /inference HTTP/1.1" 200 -
2025-02-14 20:37:05,298 - LoudVA - INFO - [LoudServer] - Received inference request with latency constraint: 14.027485
2025-02-14 20:37:05,730 - LoudVA - INFO - [LoudServer] - Completed. Request ID: 3aef1452-8d1d-4ccb-97f4-b0cbb8842df3
127.0.0.1 - - [14/Feb/2025 20:37:05] "POST /inference HTTP/1.1" 200 -
2025-02-14 20:37:06,287 - LoudVA - INFO - [LoudServer] - Received inference request with latency constraint: 9.833391
2025-02-14 20:37:06,751 - LoudVA - INFO - [LoudServer] - Completed. Request ID: 37d30247-f91f-4512-92ea-ea53b5c2e655
127.0.0.1 - - [14/Feb/2025 20:37:06] "POST /inference HTTP/1.1" 200 -
2025-02-14 20:37:07,278 - LoudVA - INFO - [LoudServer] - Received inference request with latency constraint: 7.465794
2025-02-14 20:37:08,272 - LoudVA - INFO - [LoudServer] - Completed. Request ID: 0b3254b2-2b7e-45d1-8407-17d46f43a787
127.0.0.1 - - [14/Feb/2025 20:37:08] "POST /inference HTTP/1.1" 200 -
2025-02-14 20:37:08,372 - LoudVA - INFO - [LoudServer] - Received inference request with latency constraint: 18.200563
2025-02-14 20:37:09,259 - LoudVA - INFO - [LoudServer] - Received inference request with latency constraint: 13.098841
2025-02-14 20:37:10,441 - LoudVA - INFO - [LoudServer] - Received inference request with latency constraint: 15.200563
2025-02-14 20:37:10,511 - LoudVA - INFO - [LoudServer] - Completed. Request ID: 1b71d405-a451-4afc-a425-6cbc32a0c0e3
127.0.0.1 - - [14/Feb/2025 20:37:10] "POST /inference HTTP/1.1" 200 -
2025-02-14 20:37:11,256 - LoudVA - INFO - [LoudServer] - Received inference request with latency constraint: 17.374043
2025-02-14 20:37:11,270 - LoudVA - INFO - [LoudServer] - Completed. Request ID: 38bb0518-edb7-4ba0-9eca-72e7406c8a66
127.0.0.1 - - [14/Feb/2025 20:37:11] "POST /inference HTTP/1.1" 200 -
2025-02-14 20:37:12,342 - LoudVA - INFO - [LoudServer] - Received inference request with latency constraint: 13.281418
2025-02-14 20:37:13,544 - LoudVA - INFO - [LoudServer] - Received inference request with latency constraint: 14.934937
2025-02-14 20:37:14,244 - LoudVA - INFO - [LoudServer] - Received inference request with latency constraint: 9.098841
2025-02-14 20:37:14,808 - LoudVA - INFO - [LoudServer] - Completed. Request ID: be14315a-f9c9-4a74-b4cc-a3ffe484f7fe
127.0.0.1 - - [14/Feb/2025 20:37:14] "POST /inference HTTP/1.1" 200 -
2025-02-14 20:37:15,264 - LoudVA - INFO - [LoudServer] - Received inference request with latency constraint: 15.465794
2025-02-14 20:37:16,278 - LoudVA - INFO - [LoudServer] - Received inference request with latency constraint: 10.465794
2025-02-14 20:37:17,377 - LoudVA - INFO - [LoudServer] - Received inference request with latency constraint: 13.29484
2025-02-14 20:37:18,254 - LoudVA - INFO - [LoudServer] - Received inference request with latency constraint: 2.098841
2025-02-14 20:37:19,381 - LoudVA - INFO - [LoudServer] - Received inference request with latency constraint: 18.281418
2025-02-14 20:37:19,650 - LoudVA - INFO - [LoudServer] - Completed. Request ID: df2ab014-911c-4fe5-b8ac-dfa7eb81e93d
127.0.0.1 - - [14/Feb/2025 20:37:19] "POST /inference HTTP/1.1" 200 -
2025-02-14 20:37:20,339 - LoudVA - INFO - [LoudServer] - Received inference request with latency constraint: 14.741029
2025-02-14 20:37:21,250 - LoudVA - INFO - [LoudServer] - Received inference request with latency constraint: 15.098841
2025-02-14 20:37:22,316 - LoudVA - INFO - [LoudServer] - Received inference request with latency constraint: 6.64948
2025-02-14 20:37:23,500 - LoudVA - INFO - [LoudServer] - Received inference request with latency constraint: 18.200563
2025-02-14 20:37:23,918 - LoudVA - INFO - [LoudServer] - Completed. Request ID: 0bd39e58-b046-4438-abae-fff5e4af2c72
127.0.0.1 - - [14/Feb/2025 20:37:23] "POST /inference HTTP/1.1" 200 -
2025-02-14 20:37:24,492 - LoudVA - INFO - [LoudServer] - Received inference request with latency constraint: 10.741029
2025-02-14 20:37:25,333 - LoudVA - INFO - [LoudServer] - Received inference request with latency constraint: 16.934937
2025-02-14 20:37:26,366 - LoudVA - INFO - [LoudServer] - Completed. Request ID: 82bb915a-8740-4b67-8077-954c85e82704
127.0.0.1 - - [14/Feb/2025 20:37:26] "POST /inference HTTP/1.1" 200 -
2025-02-14 20:37:26,382 - LoudVA - INFO - [LoudServer] - Received inference request with latency constraint: 10.374043
2025-02-14 20:37:27,260 - LoudVA - INFO - [LoudServer] - Received inference request with latency constraint: 1.190029
2025-02-14 20:37:28,329 - LoudVA - INFO - [LoudServer] - Completed. Request ID: ba35a463-f4fa-448c-8b92-d0cb783f524c
127.0.0.1 - - [14/Feb/2025 20:37:28] "POST /inference HTTP/1.1" 200 -
2025-02-14 20:37:28,467 - LoudVA - INFO - [LoudServer] - Received inference request with latency constraint: 19.110268
2025-02-14 20:37:29,333 - LoudVA - INFO - [LoudServer] - Completed. Request ID: bb58fd50-af43-4f18-8eca-b2a9b9a656bf
127.0.0.1 - - [14/Feb/2025 20:37:29] "POST /inference HTTP/1.1" 200 -
2025-02-14 20:37:29,490 - LoudVA - INFO - [LoudServer] - Received inference request with latency constraint: 12.200563
2025-02-14 20:37:30,482 - LoudVA - INFO - [LoudServer] - Received inference request with latency constraint: 18.465794
2025-02-14 20:37:31,546 - LoudVA - INFO - [LoudServer] - Completed. Request ID: 135cb7d8-dc1f-493c-b2c8-4067c2ecaa39
127.0.0.1 - - [14/Feb/2025 20:37:31] "POST /inference HTTP/1.1" 200 -
2025-02-14 20:37:31,561 - LoudVA - INFO - [LoudServer] - Received inference request with latency constraint: 16.027485
2025-02-14 20:37:32,442 - LoudVA - INFO - [LoudServer] - Received inference request with latency constraint: 10.190029
2025-02-14 20:37:33,351 - LoudVA - INFO - [LoudServer] - Received inference request with latency constraint: 7.465794
2025-02-14 20:37:33,677 - LoudVA - INFO - [LoudServer] - Completed. Request ID: 86fe4f5c-9f07-4ae8-aee8-74eda6983e38
127.0.0.1 - - [14/Feb/2025 20:37:33] "POST /inference HTTP/1.1" 200 -
2025-02-14 20:37:34,259 - LoudVA - INFO - [LoudServer] - Received inference request with latency constraint: 17.465794
2025-02-14 20:37:35,300 - LoudVA - INFO - [LoudServer] - Received inference request with latency constraint: 17.465794
2025-02-14 20:37:36,244 - LoudVA - INFO - [LoudServer] - Completed. Request ID: 75edc97f-6dae-4a41-a992-7f061712297e
127.0.0.1 - - [14/Feb/2025 20:37:36] "POST /inference HTTP/1.1" 200 -
2025-02-14 20:37:36,354 - LoudVA - INFO - [LoudServer] - Received inference request with latency constraint: 11.559861
2025-02-14 20:37:37,261 - LoudVA - INFO - [LoudServer] - Completed. Request ID: bfcefea1-1b6d-4d61-a7af-f747a51a99b8
127.0.0.1 - - [14/Feb/2025 20:37:37] "POST /inference HTTP/1.1" 200 -
2025-02-14 20:37:37,294 - LoudVA - INFO - [LoudServer] - Received inference request with latency constraint: 17.64948
2025-02-14 20:37:38,396 - LoudVA - INFO - [LoudServer] - Received inference request with latency constraint: 17.934937
2025-02-14 20:37:39,360 - LoudVA - INFO - [LoudServer] - Received inference request with latency constraint: 20.200563
2025-02-14 20:37:40,294 - LoudVA - INFO - [LoudServer] - Received inference request with latency constraint: 20.374043
2025-02-14 20:37:41,304 - LoudVA - INFO - [LoudServer] - Received inference request with latency constraint: 16.741029
2025-02-14 20:37:42,410 - LoudVA - INFO - [LoudServer] - Received inference request with latency constraint: 18.027485
2025-02-14 20:37:42,693 - LoudVA - INFO - [LoudServer] - Completed. Request ID: 3799b098-3ce7-4646-8fdf-0dad3c928315
127.0.0.1 - - [14/Feb/2025 20:37:42] "POST /inference HTTP/1.1" 200 -
2025-02-14 20:37:42,929 - LoudVA - INFO - [LoudServer] - Completed. Request ID: c4a3d5cf-9dae-466d-b7d0-8bd0db6b46cf
127.0.0.1 - - [14/Feb/2025 20:37:42] "POST /inference HTTP/1.1" 200 -
2025-02-14 20:37:43,287 - LoudVA - INFO - [LoudServer] - Received inference request with latency constraint: 7.64948
2025-02-14 20:37:44,265 - LoudVA - INFO - [LoudServer] - Received inference request with latency constraint: 13.281418
2025-02-14 20:37:44,476 - LoudVA - INFO - [LoudServer] - Completed. Request ID: dd7bfa4c-5adb-48c6-8bf1-62f148ed63dd
127.0.0.1 - - [14/Feb/2025 20:37:44] "POST /inference HTTP/1.1" 200 -
2025-02-14 20:37:45,267 - LoudVA - INFO - [LoudServer] - Received inference request with latency constraint: 3.190029
2025-02-14 20:37:46,412 - LoudVA - INFO - [LoudServer] - Received inference request with latency constraint: 10.934937
2025-02-14 20:37:47,253 - LoudVA - INFO - [LoudServer] - Received inference request with latency constraint: 2.098841
2025-02-14 20:37:48,345 - LoudVA - INFO - [LoudServer] - Received inference request with latency constraint: 13.374043
2025-02-14 20:37:49,370 - LoudVA - INFO - [LoudServer] - Received inference request with latency constraint: 20.934937
2025-02-14 20:37:50,463 - LoudVA - INFO - [LoudServer] - Received inference request with latency constraint: 8.833391
2025-02-14 20:37:51,156 - LoudVA - INFO - [LoudServer] - Received inference request with latency constraint: 8.64948
2025-02-14 20:37:51,439 - LoudVA - INFO - [LoudServer] - Received inference request with latency constraint: 10.833391
2025-02-14 20:37:52,071 - LoudVA - INFO - [LoudServer] - Received inference request with latency constraint: 16.559861
2025-02-14 20:37:52,395 - LoudVA - INFO - [LoudServer] - Received inference request with latency constraint: 12.110268
2025-02-14 20:37:53,030 - LoudVA - INFO - [LoudServer] - Received inference request with latency constraint: 14.281418
2025-02-14 20:37:53,288 - LoudVA - INFO - [LoudServer] - Received inference request with latency constraint: 12.559861
2025-02-14 20:37:54,174 - LoudVA - INFO - [LoudServer] - Received inference request with latency constraint: 18.027485
2025-02-14 20:37:54,411 - LoudVA - INFO - [LoudServer] - Received inference request with latency constraint: 17.027485
2025-02-14 20:37:54,968 - LoudVA - INFO - [LoudServer] - Received inference request with latency constraint: 5.374043
2025-02-14 20:37:55,252 - LoudVA - INFO - [LoudServer] - Received inference request with latency constraint: 12.098841
2025-02-14 20:37:56,159 - LoudVA - INFO - [LoudServer] - Received inference request with latency constraint: 18.934937
2025-02-14 20:37:56,261 - LoudVA - INFO - [LoudServer] - Received inference request with latency constraint: 20.281418
2025-02-14 20:37:57,045 - LoudVA - INFO - [LoudServer] - Received inference request with latency constraint: 20.741029
2025-02-14 20:37:57,402 - LoudVA - INFO - [LoudServer] - Received inference request with latency constraint: 15.027485
2025-02-14 20:37:58,061 - LoudVA - INFO - [LoudServer] - Received inference request with latency constraint: 4.374043
2025-02-14 20:37:58,535 - LoudVA - INFO - [LoudServer] - Received inference request with latency constraint: 15.200563
2025-02-14 20:37:59,157 - LoudVA - INFO - [LoudServer] - Received inference request with latency constraint: 18.027485
2025-02-14 20:37:59,564 - LoudVA - INFO - [LoudServer] - Received inference request with latency constraint: 12.110268
2025-02-14 20:38:00,358 - LoudVA - INFO - [LoudServer] - Received inference request with latency constraint: 13.29484
2025-02-14 20:38:00,442 - LoudVA - INFO - [LoudServer] - Received inference request with latency constraint: 16.374043
2025-02-14 20:38:00,996 - LoudVA - INFO - [LoudServer] - Received inference request with latency constraint: 3.281418
2025-02-14 20:38:01,309 - LoudVA - INFO - [LoudServer] - Received inference request with latency constraint: 13.64948
2025-02-14 20:38:01,618 - LoudVA - INFO - [LoudServer] - Completed. Request ID: 19a57e0e-2770-4890-b410-11d115b41834
127.0.0.1 - - [14/Feb/2025 20:38:01] "POST /inference HTTP/1.1" 200 -
2025-02-14 20:38:02,156 - LoudVA - INFO - [LoudServer] - Received inference request with latency constraint: 17.833391
2025-02-14 20:38:02,452 - LoudVA - INFO - [LoudServer] - Received inference request with latency constraint: 20.200563
2025-02-14 20:38:02,984 - LoudVA - INFO - [LoudServer] - Received inference request with latency constraint: 3.281418
2025-02-14 20:38:03,404 - LoudVA - INFO - [LoudServer] - Received inference request with latency constraint: 15.200563
2025-02-14 20:38:03,586 - LoudVA - INFO - [LoudServer] - Completed. Request ID: b05a46d8-65d1-4e7d-9dd3-708d4e9117b9
127.0.0.1 - - [14/Feb/2025 20:38:03] "POST /inference HTTP/1.1" 200 -
2025-02-14 20:38:04,186 - LoudVA - INFO - [LoudServer] - Received inference request with latency constraint: 15.110268
2025-02-14 20:38:04,339 - LoudVA - INFO - [LoudServer] - Received inference request with latency constraint: 18.374043
2025-02-14 20:38:05,030 - LoudVA - INFO - [LoudServer] - Received inference request with latency constraint: 17.559861
2025-02-14 20:38:05,267 - LoudVA - INFO - [LoudServer] - Received inference request with latency constraint: 11.098841
2025-02-14 20:38:05,535 - LoudVA - INFO - [LoudServer] - Completed. Request ID: 89c68247-8218-4ba9-950a-cb3f6fd0ae3d
127.0.0.1 - - [14/Feb/2025 20:38:05] "POST /inference HTTP/1.1" 200 -
2025-02-14 20:38:06,146 - LoudVA - INFO - [LoudServer] - Received inference request with latency constraint: 6.465794
2025-02-14 20:38:06,363 - LoudVA - INFO - [LoudServer] - Received inference request with latency constraint: 18.833391
2025-02-14 20:38:06,965 - LoudVA - INFO - [LoudServer] - Received inference request with latency constraint: 8.098841
2025-02-14 20:38:07,396 - LoudVA - INFO - [LoudServer] - Received inference request with latency constraint: 13.200563
2025-02-14 20:38:08,113 - LoudVA - INFO - [LoudServer] - Received inference request with latency constraint: 5.559861
2025-02-14 20:38:08,290 - LoudVA - INFO - [LoudServer] - Received inference request with latency constraint: 15.465794
2025-02-14 20:38:08,983 - LoudVA - INFO - [LoudServer] - Received inference request with latency constraint: 4.098841
2025-02-14 20:38:09,296 - LoudVA - INFO - [LoudServer] - Received inference request with latency constraint: 12.64948
2025-02-14 20:38:10,063 - LoudVA - INFO - [LoudServer] - Received inference request with latency constraint: 21.29484
2025-02-14 20:38:10,336 - LoudVA - INFO - [LoudServer] - Received inference request with latency constraint: 6.64948
2025-02-14 20:38:11,107 - LoudVA - INFO - [LoudServer] - Received inference request with latency constraint: 6.465794
2025-02-14 20:38:11,270 - LoudVA - INFO - [LoudServer] - Completed. Request ID: 0affe106-56c7-4100-a8e8-1ac843763309
127.0.0.1 - - [14/Feb/2025 20:38:11] "POST /inference HTTP/1.1" 200 -
2025-02-14 20:38:11,283 - LoudVA - INFO - [LoudServer] - Received inference request with latency constraint: 4.465794
2025-02-14 20:38:12,110 - LoudVA - INFO - [LoudServer] - Received inference request with latency constraint: 15.374043
2025-02-14 20:38:12,409 - LoudVA - INFO - [LoudServer] - Received inference request with latency constraint: 14.200563
2025-02-14 20:38:13,033 - LoudVA - INFO - [LoudServer] - Received inference request with latency constraint: 13.559861
2025-02-14 20:38:13,411 - LoudVA - INFO - [LoudServer] - Received inference request with latency constraint: 7.374043
2025-02-14 20:38:14,117 - LoudVA - INFO - [LoudServer] - Received inference request with latency constraint: 16.934937
2025-02-14 20:38:14,129 - LoudVA - INFO - [LoudServer] - Completed. Request ID: 9b61cbf1-3f69-4e6a-bdef-759efbe51374
127.0.0.1 - - [14/Feb/2025 20:38:14] "POST /inference HTTP/1.1" 200 -
2025-02-14 20:38:15,213 - LoudVA - INFO - [LoudServer] - Received inference request with latency constraint: 12.833391
2025-02-14 20:38:16,119 - LoudVA - INFO - [LoudServer] - Received inference request with latency constraint: 19.200563
2025-02-14 20:38:17,182 - LoudVA - INFO - [LoudServer] - Received inference request with latency constraint: 11.934937
2025-02-14 20:38:18,101 - LoudVA - INFO - [LoudServer] - Received inference request with latency constraint: 20.934937
2025-02-14 20:38:18,763 - LoudVA - INFO - [LoudServer] - Completed. Request ID: 40f876a2-6852-43cd-b1ef-e89382b2bdc4
127.0.0.1 - - [14/Feb/2025 20:38:18] "POST /inference HTTP/1.1" 200 -
2025-02-14 20:38:19,070 - LoudVA - INFO - [LoudServer] - Received inference request with latency constraint: 14.465794
2025-02-14 20:38:20,266 - LoudVA - INFO - [LoudServer] - Received inference request with latency constraint: 13.027485
2025-02-14 20:38:21,250 - LoudVA - INFO - [LoudServer] - Received inference request with latency constraint: 14.29484
2025-02-14 20:38:22,051 - LoudVA - INFO - [LoudServer] - Received inference request with latency constraint: 17.190029
2025-02-14 20:38:22,220 - LoudVA - INFO - [LoudServer] - Completed. Request ID: 62e2eb1a-43f8-4386-98d9-4de0e5e9e989
127.0.0.1 - - [14/Feb/2025 20:38:22] "POST /inference HTTP/1.1" 200 -
2025-02-14 20:38:23,057 - LoudVA - INFO - [LoudServer] - Received inference request with latency constraint: 20.027485
2025-02-14 20:38:24,114 - LoudVA - INFO - [LoudServer] - Received inference request with latency constraint: 20.559861
2025-02-14 20:38:25,151 - LoudVA - INFO - [LoudServer] - Received inference request with latency constraint: 19.200563
2025-02-14 20:38:26,190 - LoudVA - INFO - [LoudServer] - Received inference request with latency constraint: 17.027485
2025-02-14 20:38:26,978 - LoudVA - INFO - [LoudServer] - Received inference request with latency constraint: 5.190029
2025-02-14 20:38:27,307 - LoudVA - INFO - [LoudServer] - Completed. Request ID: 65d1d9db-8c83-4339-8476-4cfd17df1791
127.0.0.1 - - [14/Feb/2025 20:38:27] "POST /inference HTTP/1.1" 200 -
2025-02-14 20:38:28,272 - LoudVA - INFO - [LoudServer] - Received inference request with latency constraint: 19.200563
2025-02-14 20:38:29,118 - LoudVA - INFO - [LoudServer] - Received inference request with latency constraint: 17.110268
2025-02-14 20:38:30,075 - LoudVA - INFO - [LoudServer] - Received inference request with latency constraint: 19.110268
2025-02-14 20:38:30,963 - LoudVA - INFO - [LoudServer] - Received inference request with latency constraint: 14.190029
2025-02-14 20:38:32,025 - LoudVA - INFO - [LoudServer] - Received inference request with latency constraint: 17.465794
2025-02-14 20:38:32,964 - LoudVA - INFO - [LoudServer] - Received inference request with latency constraint: 12.098841
2025-02-14 20:38:33,400 - LoudVA - INFO - [LoudServer] - Completed. Request ID: 3d727909-38ff-4118-a0b4-d7fb0b66b47b
127.0.0.1 - - [14/Feb/2025 20:38:33] "POST /inference HTTP/1.1" 200 -
2025-02-14 20:38:34,112 - LoudVA - INFO - [LoudServer] - Received inference request with latency constraint: 16.110268
2025-02-14 20:38:35,514 - LoudVA - INFO - [LoudServer] - Received inference request with latency constraint: 9.741029
2025-02-14 20:38:36,041 - LoudVA - INFO - [LoudServer] - Received inference request with latency constraint: 18.64948
2025-02-14 20:38:37,416 - LoudVA - INFO - [LoudServer] - Received inference request with latency constraint: 12.110268
2025-02-14 20:38:38,174 - LoudVA - INFO - [LoudServer] - Received inference request with latency constraint: 20.110268
2025-02-14 20:38:39,004 - LoudVA - INFO - [LoudServer] - Received inference request with latency constraint: 14.190029
2025-02-14 20:38:39,376 - LoudVA - INFO - [LoudServer] - Completed. Request ID: c1b9b4e3-dddd-4596-8b68-05586ad3e2b6
127.0.0.1 - - [14/Feb/2025 20:38:39] "POST /inference HTTP/1.1" 200 -
2025-02-14 20:38:40,146 - LoudVA - INFO - [LoudServer] - Received inference request with latency constraint: 8.098841
2025-02-14 20:38:40,705 - LoudVA - INFO - [LoudServer] - Completed. Request ID: 108a19cc-138c-4cc5-b1ee-d4e185f53429
127.0.0.1 - - [14/Feb/2025 20:38:40] "POST /inference HTTP/1.1" 200 -
2025-02-14 20:38:41,081 - LoudVA - INFO - [LoudServer] - Received inference request with latency constraint: 18.833391
2025-02-14 20:38:42,199 - LoudVA - INFO - [LoudServer] - Received inference request with latency constraint: 7.465794
2025-02-14 20:38:43,849 - LoudVA - INFO - [LoudServer] - Completed. Request ID: 3a085909-5663-40ee-a8a1-6226fd647f85
127.0.0.1 - - [14/Feb/2025 20:38:43] "POST /inference HTTP/1.1" 200 -
2025-02-14 20:38:46,296 - LoudVA - INFO - [LoudServer] - Completed. Request ID: 07acc61e-3646-438d-9599-ac2e6d844223
127.0.0.1 - - [14/Feb/2025 20:38:46] "POST /inference HTTP/1.1" 200 -
2025-02-14 20:38:50,344 - LoudVA - INFO - [LoudServer] - Completed. Request ID: 4f14eb3e-25b3-4f38-bc80-19598b5bfa8f
127.0.0.1 - - [14/Feb/2025 20:38:50] "POST /inference HTTP/1.1" 200 -
2025-02-14 20:38:55,439 - LoudVA - INFO - [LoudServer] - Completed. Request ID: 3a6e3bae-bb98-44cd-9732-cbde666d7ee6
127.0.0.1 - - [14/Feb/2025 20:38:55] "POST /inference HTTP/1.1" 200 -
2025-02-14 20:38:56,939 - LoudVA - INFO - [LoudServer] - Completed. Request ID: 6189450d-e14c-4180-bd2b-9ef570b45a89
127.0.0.1 - - [14/Feb/2025 20:38:56] "POST /inference HTTP/1.1" 200 -
2025-02-14 20:39:00,060 - LoudVA - INFO - [LoudServer] - Completed. Request ID: dfc1e921-7e09-44d2-b392-23d6bcd337fc
127.0.0.1 - - [14/Feb/2025 20:39:00] "POST /inference HTTP/1.1" 200 -
2025-02-14 20:39:03,421 - LoudVA - INFO - [LoudServer] - Completed. Request ID: 0f17cb7c-8567-4442-806c-5b2267409171
127.0.0.1 - - [14/Feb/2025 20:39:03] "POST /inference HTTP/1.1" 200 -
2025-02-14 20:39:07,573 - LoudVA - INFO - [LoudServer] - Completed. Request ID: ae001cf0-0a5e-4dab-adc0-1009d3843110
127.0.0.1 - - [14/Feb/2025 20:39:07] "POST /inference HTTP/1.1" 200 -
2025-02-14 20:39:09,858 - LoudVA - INFO - [LoudServer] - Completed. Request ID: fd1cd92a-7ff3-4d98-84ab-e549f43c358e
127.0.0.1 - - [14/Feb/2025 20:39:09] "POST /inference HTTP/1.1" 200 -
2025-02-14 20:39:14,135 - LoudVA - INFO - [LoudServer] - Completed. Request ID: a2bef32c-6e96-4e4a-ba61-22e10e42573a
127.0.0.1 - - [14/Feb/2025 20:39:14] "POST /inference HTTP/1.1" 200 -
2025-02-14 20:39:15,374 - LoudVA - INFO - [LoudServer] - Completed. Request ID: 6ce41546-e136-4cef-ac7c-a6024da5a206
127.0.0.1 - - [14/Feb/2025 20:39:15] "POST /inference HTTP/1.1" 200 -
2025-02-14 20:39:16,889 - LoudVA - INFO - [LoudServer] - Completed. Request ID: 1b8ed0db-fc90-4f14-9944-fc851ec23887
127.0.0.1 - - [14/Feb/2025 20:39:16] "POST /inference HTTP/1.1" 200 -
2025-02-14 20:39:21,464 - LoudVA - INFO - [LoudServer] - Completed. Request ID: fded40ca-1363-426d-91a7-d5263cf8ee64
127.0.0.1 - - [14/Feb/2025 20:39:21] "POST /inference HTTP/1.1" 200 -
2025-02-14 20:39:24,990 - LoudVA - INFO - [LoudServer] - Completed. Request ID: 347dda45-0796-44bc-bf1e-f918c10fe9f8
127.0.0.1 - - [14/Feb/2025 20:39:25] "POST /inference HTTP/1.1" 200 -
2025-02-14 20:39:28,008 - LoudVA - INFO - [LoudServer] - Completed. Request ID: e309d718-ced1-4fab-9c6f-94b2178e0803
127.0.0.1 - - [14/Feb/2025 20:39:28] "POST /inference HTTP/1.1" 200 -
2025-02-14 20:39:31,632 - LoudVA - INFO - [LoudServer] - Completed. Request ID: 94475774-2e6c-4733-aae9-3f136d8338f2
127.0.0.1 - - [14/Feb/2025 20:39:31] "POST /inference HTTP/1.1" 200 -
2025-02-14 20:39:34,606 - LoudVA - INFO - [LoudServer] - Completed. Request ID: 3b0600cb-48f7-4dd9-bbb4-428274e39917
127.0.0.1 - - [14/Feb/2025 20:39:34] "POST /inference HTTP/1.1" 200 -
2025-02-14 20:39:36,558 - LoudVA - INFO - [LoudServer] - Completed. Request ID: df38a6df-01cb-4e0b-ae9b-b8adab7a0c3d
127.0.0.1 - - [14/Feb/2025 20:39:36] "POST /inference HTTP/1.1" 200 -
2025-02-14 20:39:41,611 - LoudVA - INFO - [LoudServer] - Completed. Request ID: 93d745ab-5596-42cd-ab8d-a90c27d446d5
127.0.0.1 - - [14/Feb/2025 20:39:41] "POST /inference HTTP/1.1" 200 -
2025-02-14 20:39:47,172 - LoudVA - INFO - [LoudServer] - Completed. Request ID: cbaa00c2-24b4-4e4a-8e09-f1709df73e9a
127.0.0.1 - - [14/Feb/2025 20:39:47] "POST /inference HTTP/1.1" 200 -
2025-02-14 20:39:52,811 - LoudVA - INFO - [LoudServer] - Completed. Request ID: b8b61f24-af03-444b-ba38-d83928fe8677
127.0.0.1 - - [14/Feb/2025 20:39:52] "POST /inference HTTP/1.1" 200 -
2025-02-14 20:39:53,550 - LoudVA - INFO - [LoudServer] - Completed. Request ID: 79ec1ec1-bb5c-4158-9c11-0fe755f8de87
127.0.0.1 - - [14/Feb/2025 20:39:53] "POST /inference HTTP/1.1" 200 -
2025-02-14 20:39:56,698 - LoudVA - INFO - [LoudServer] - Completed. Request ID: 79d29bf1-3c15-4a8d-a6e1-8c451092d217
127.0.0.1 - - [14/Feb/2025 20:39:56] "POST /inference HTTP/1.1" 200 -
2025-02-14 20:39:59,749 - LoudVA - INFO - [LoudServer] - Completed. Request ID: 414aa815-25f4-4a5c-aada-76bd4cafa5c1
127.0.0.1 - - [14/Feb/2025 20:39:59] "POST /inference HTTP/1.1" 200 -
2025-02-14 20:40:05,362 - LoudVA - INFO - [LoudServer] - Completed. Request ID: c514369f-7e15-4d1f-98ce-18b19244d670
127.0.0.1 - - [14/Feb/2025 20:40:05] "POST /inference HTTP/1.1" 200 -
2025-02-14 20:40:06,798 - LoudVA - INFO - [LoudServer] - Completed. Request ID: 39838198-f4e2-4db2-b17a-8bdd3f6a0fc1
127.0.0.1 - - [14/Feb/2025 20:40:06] "POST /inference HTTP/1.1" 200 -
2025-02-14 20:40:08,110 - LoudVA - INFO - [LoudServer] - Completed. Request ID: fe77fd72-73bf-4dc5-b02f-4f4b67368558
127.0.0.1 - - [14/Feb/2025 20:40:08] "POST /inference HTTP/1.1" 200 -
2025-02-14 20:40:09,195 - LoudVA - INFO - [LoudServer] - Completed. Request ID: 61c9491b-510e-44eb-96d5-f947886e2819
127.0.0.1 - - [14/Feb/2025 20:40:09] "POST /inference HTTP/1.1" 200 -
2025-02-14 20:40:14,768 - LoudVA - INFO - [LoudServer] - Completed. Request ID: 25323fce-aa19-4027-906d-ec2a8f14a1b3
127.0.0.1 - - [14/Feb/2025 20:40:14] "POST /inference HTTP/1.1" 200 -
2025-02-14 20:40:18,582 - LoudVA - INFO - [LoudServer] - Completed. Request ID: 8ee371f1-f748-4626-8808-8308383cf29a
127.0.0.1 - - [14/Feb/2025 20:40:18] "POST /inference HTTP/1.1" 200 -
2025-02-14 20:40:20,496 - LoudVA - INFO - [LoudServer] - Completed. Request ID: e3eb5824-4d40-411f-90d2-5392920defe1
127.0.0.1 - - [14/Feb/2025 20:40:20] "POST /inference HTTP/1.1" 200 -
2025-02-14 20:40:21,248 - LoudVA - INFO - [LoudServer] - Completed. Request ID: 4290ce48-dbb8-4af9-8b41-287bf6e0ab4b
127.0.0.1 - - [14/Feb/2025 20:40:21] "POST /inference HTTP/1.1" 200 -
2025-02-14 20:40:22,709 - LoudVA - INFO - [LoudServer] - Completed. Request ID: 3ede6bd6-f64b-4eec-84a0-d2162daa4030
127.0.0.1 - - [14/Feb/2025 20:40:22] "POST /inference HTTP/1.1" 200 -
2025-02-14 20:40:26,779 - LoudVA - INFO - [LoudServer] - Completed. Request ID: 2b427bc7-d26a-4ded-baa6-de99272a043f
127.0.0.1 - - [14/Feb/2025 20:40:26] "POST /inference HTTP/1.1" 200 -
2025-02-14 20:40:29,227 - LoudVA - INFO - [LoudServer] - Completed. Request ID: d89b3078-fda8-4392-be46-f76f1df0641f
127.0.0.1 - - [14/Feb/2025 20:40:29] "POST /inference HTTP/1.1" 200 -
2025-02-14 20:40:31,379 - LoudVA - INFO - [LoudServer] - Completed. Request ID: def6c3b2-be4b-4eba-b85d-b489af2fc496
127.0.0.1 - - [14/Feb/2025 20:40:31] "POST /inference HTTP/1.1" 200 -
2025-02-14 20:40:32,385 - LoudVA - INFO - [LoudServer] - Completed. Request ID: 9ca6ba9c-d335-4b0f-a21a-787d49f36c45
127.0.0.1 - - [14/Feb/2025 20:40:32] "POST /inference HTTP/1.1" 200 -
2025-02-14 20:40:35,784 - LoudVA - INFO - [LoudServer] - Completed. Request ID: 33d81702-5c8c-463c-bcd9-87644073247f
127.0.0.1 - - [14/Feb/2025 20:40:35] "POST /inference HTTP/1.1" 200 -
2025-02-14 20:40:40,353 - LoudVA - INFO - [LoudServer] - Completed. Request ID: 0fca722a-f0e6-45da-aed7-af294e3d3766
127.0.0.1 - - [14/Feb/2025 20:40:40] "POST /inference HTTP/1.1" 200 -
2025-02-14 20:40:44,339 - LoudVA - INFO - [LoudServer] - Completed. Request ID: 6dd45be4-4e2c-427c-9ca1-a6eb77169cd2
127.0.0.1 - - [14/Feb/2025 20:40:44] "POST /inference HTTP/1.1" 200 -
2025-02-14 20:40:45,772 - LoudVA - INFO - [LoudServer] - Completed. Request ID: 3cfa0133-b5ba-458c-892d-46754cde3835
127.0.0.1 - - [14/Feb/2025 20:40:45] "POST /inference HTTP/1.1" 200 -
2025-02-14 20:40:48,344 - LoudVA - INFO - [LoudServer] - Completed. Request ID: 4f68bf2a-f2f3-4f7e-9ba4-ef96aa9f2542
127.0.0.1 - - [14/Feb/2025 20:40:48] "POST /inference HTTP/1.1" 200 -
2025-02-14 20:40:50,288 - LoudVA - INFO - [LoudServer] - Completed. Request ID: 6201fc17-5830-4749-bf73-8e3ff7d1cd2f
127.0.0.1 - - [14/Feb/2025 20:40:50] "POST /inference HTTP/1.1" 200 -
2025-02-14 20:40:54,316 - LoudVA - INFO - [LoudServer] - Completed. Request ID: e20ef5d4-cc23-4b74-a4d9-1b42c664687c
127.0.0.1 - - [14/Feb/2025 20:40:54] "POST /inference HTTP/1.1" 200 -
2025-02-14 20:40:57,059 - LoudVA - INFO - [LoudServer] - Completed. Request ID: b19ddb58-fc39-40f5-968f-cd19b033ccec
127.0.0.1 - - [14/Feb/2025 20:40:57] "POST /inference HTTP/1.1" 200 -
2025-02-14 20:40:57,412 - LoudVA - INFO - [LoudServer] - Completed. Request ID: 8b637c96-0f55-41c5-b016-4e7b2935ccd8
127.0.0.1 - - [14/Feb/2025 20:40:57] "POST /inference HTTP/1.1" 200 -
2025-02-14 20:40:59,202 - LoudVA - INFO - [LoudServer] - Completed. Request ID: e9438f36-d50d-4f99-9336-b34ccb19fb6d
127.0.0.1 - - [14/Feb/2025 20:40:59] "POST /inference HTTP/1.1" 200 -
2025-02-14 20:41:02,909 - LoudVA - INFO - [LoudServer] - Completed. Request ID: 17ff03f7-4558-4027-8a5c-7924c0b445b0
127.0.0.1 - - [14/Feb/2025 20:41:02] "POST /inference HTTP/1.1" 200 -
2025-02-14 20:41:05,431 - LoudVA - INFO - [LoudServer] - Completed. Request ID: 50b59ac1-e512-4b5c-bbbe-76cb75dbc6f7
127.0.0.1 - - [14/Feb/2025 20:41:05] "POST /inference HTTP/1.1" 200 -
2025-02-14 20:41:10,988 - LoudVA - INFO - [LoudServer] - Completed. Request ID: 14ee1526-6eb4-420f-a526-b47f70468e15
127.0.0.1 - - [14/Feb/2025 20:41:10] "POST /inference HTTP/1.1" 200 -
2025-02-14 20:41:14,566 - LoudVA - INFO - [LoudServer] - Completed. Request ID: 5bbbeb91-216e-405d-8a55-76e788d68537
127.0.0.1 - - [14/Feb/2025 20:41:14] "POST /inference HTTP/1.1" 200 -
2025-02-14 20:41:17,023 - LoudVA - INFO - [LoudServer] - Completed. Request ID: 10b351ea-c984-4152-a224-a679f0a68114
127.0.0.1 - - [14/Feb/2025 20:41:17] "POST /inference HTTP/1.1" 200 -
2025-02-14 20:41:19,051 - LoudVA - INFO - [LoudServer] - Completed. Request ID: f452b212-b364-4f25-a586-19dbd265148a
127.0.0.1 - - [14/Feb/2025 20:41:19] "POST /inference HTTP/1.1" 200 -
2025-02-14 20:41:21,450 - LoudVA - INFO - [LoudServer] - Completed. Request ID: d1778858-da32-489d-9ad0-f85d64b19f16
127.0.0.1 - - [14/Feb/2025 20:41:21] "POST /inference HTTP/1.1" 200 -
2025-02-14 20:41:27,445 - LoudVA - INFO - [LoudServer] - Completed. Request ID: ab3da19b-f910-47ae-a749-82b2597bdc66
127.0.0.1 - - [14/Feb/2025 20:41:27] "POST /inference HTTP/1.1" 200 -
2025-02-14 20:41:33,606 - LoudVA - INFO - [LoudServer] - Completed. Request ID: 0767e10e-36f1-4c33-a47a-762dd5f33101
127.0.0.1 - - [14/Feb/2025 20:41:33] "POST /inference HTTP/1.1" 200 -
2025-02-14 20:41:37,668 - LoudVA - INFO - [LoudServer] - Completed. Request ID: 97d1c594-8a00-4e92-8983-4b37d2e30682
127.0.0.1 - - [14/Feb/2025 20:41:37] "POST /inference HTTP/1.1" 200 -
2025-02-14 20:41:38,509 - LoudVA - INFO - [LoudServer] - Completed. Request ID: d0a63263-bea5-44c6-9f34-802572174734
127.0.0.1 - - [14/Feb/2025 20:41:38] "POST /inference HTTP/1.1" 200 -
2025-02-14 20:41:40,514 - LoudVA - INFO - [LoudServer] - Completed. Request ID: 283b7554-8ec3-4c8d-816f-7186dde5d262
127.0.0.1 - - [14/Feb/2025 20:41:40] "POST /inference HTTP/1.1" 200 -
2025-02-14 20:41:45,799 - LoudVA - INFO - [LoudServer] - Completed. Request ID: 64742efd-fd45-44b0-ba0f-91d6e023b731
127.0.0.1 - - [14/Feb/2025 20:41:45] "POST /inference HTTP/1.1" 200 -
2025-02-14 20:41:49,096 - LoudVA - INFO - [LoudServer] - Completed. Request ID: 0f2b6c35-d4ba-41e1-a386-c1bc7c17b3e6
127.0.0.1 - - [14/Feb/2025 20:41:49] "POST /inference HTTP/1.1" 200 -
2025-02-14 20:41:53,110 - LoudVA - INFO - [LoudServer] - Completed. Request ID: cebbef45-795d-4853-b60e-08ed50b30b77
127.0.0.1 - - [14/Feb/2025 20:41:53] "POST /inference HTTP/1.1" 200 -
2025-02-14 20:41:54,343 - LoudVA - WARNING - [LoudServer] - Timeout reached for request 18d0658a-fdd5-43be-88f0-13005ff6aec8
2025-02-14 20:41:54,432 - LoudVA - INFO - [LoudServer] - Completed. Request ID: 18d0658a-fdd5-43be-88f0-13005ff6aec8
127.0.0.1 - - [14/Feb/2025 20:41:54] "POST /inference HTTP/1.1" 200 -
2025-02-14 20:41:54,667 - LoudVA - WARNING - [LoudServer] - Timeout reached for request a08c5208-c15a-42ca-ba67-91c498a6130e
2025-02-14 20:41:54,719 - LoudVA - INFO - [LoudServer] - Completed. Request ID: a08c5208-c15a-42ca-ba67-91c498a6130e
127.0.0.1 - - [14/Feb/2025 20:41:54] "POST /inference HTTP/1.1" 200 -
2025-02-14 20:41:55,455 - LoudVA - WARNING - [LoudServer] - Timeout reached for request c75d97ba-fc31-42ba-805e-dc3399df9618
2025-02-14 20:41:55,532 - LoudVA - INFO - [LoudServer] - Completed. Request ID: c75d97ba-fc31-42ba-805e-dc3399df9618
127.0.0.1 - - [14/Feb/2025 20:41:55] "POST /inference HTTP/1.1" 200 -
2025-02-14 20:41:55,801 - LoudVA - WARNING - [LoudServer] - Timeout reached for request 7fa83988-c9dd-4347-8d7d-193d830ae9f1
2025-02-14 20:41:55,841 - LoudVA - INFO - [LoudServer] - Completed. Request ID: 7fa83988-c9dd-4347-8d7d-193d830ae9f1
127.0.0.1 - - [14/Feb/2025 20:41:55] "POST /inference HTTP/1.1" 200 -
2025-02-14 20:41:56,331 - LoudVA - WARNING - [LoudServer] - Timeout reached for request 54ca3e5b-10aa-4c1f-a1bb-eda236d60589
2025-02-14 20:41:56,373 - LoudVA - INFO - [LoudServer] - Completed. Request ID: 54ca3e5b-10aa-4c1f-a1bb-eda236d60589
127.0.0.1 - - [14/Feb/2025 20:41:56] "POST /inference HTTP/1.1" 200 -
2025-02-14 20:41:56,945 - LoudVA - WARNING - [LoudServer] - Timeout reached for request f1276e67-e907-4ddc-b16b-2efd140f2a21
2025-02-14 20:41:57,044 - LoudVA - INFO - [LoudServer] - Completed. Request ID: f1276e67-e907-4ddc-b16b-2efd140f2a21
127.0.0.1 - - [14/Feb/2025 20:41:57] "POST /inference HTTP/1.1" 200 -
2025-02-14 20:41:57,268 - LoudVA - WARNING - [LoudServer] - Timeout reached for request 4c8ef50f-97ae-4d7e-8909-2417b44e4cd3
2025-02-14 20:41:57,290 - LoudVA - INFO - [LoudServer] - Completed. Request ID: 4c8ef50f-97ae-4d7e-8909-2417b44e4cd3
127.0.0.1 - - [14/Feb/2025 20:41:57] "POST /inference HTTP/1.1" 200 -
2025-02-14 20:41:57,617 - LoudVA - WARNING - [LoudServer] - Timeout reached for request f91353a1-8dbc-45f8-899b-adc29c9d87ad
2025-02-14 20:41:57,631 - LoudVA - INFO - [LoudServer] - Completed. Request ID: f91353a1-8dbc-45f8-899b-adc29c9d87ad
127.0.0.1 - - [14/Feb/2025 20:41:57] "POST /inference HTTP/1.1" 200 -
2025-02-14 20:41:58,474 - LoudVA - WARNING - [LoudServer] - Timeout reached for request f0848028-1c1a-403b-9733-a93c12dcb776
2025-02-14 20:41:58,566 - LoudVA - INFO - [LoudServer] - Completed. Request ID: f0848028-1c1a-403b-9733-a93c12dcb776
127.0.0.1 - - [14/Feb/2025 20:41:58] "POST /inference HTTP/1.1" 200 -
2025-02-14 20:41:59,371 - LoudVA - WARNING - [LoudServer] - Timeout reached for request 31113b4d-c583-4445-8669-99ab101b1fca
2025-02-14 20:41:59,442 - LoudVA - INFO - [LoudServer] - Completed. Request ID: 31113b4d-c583-4445-8669-99ab101b1fca
127.0.0.1 - - [14/Feb/2025 20:41:59] "POST /inference HTTP/1.1" 200 -
2025-02-14 20:42:00,309 - LoudVA - WARNING - [LoudServer] - Timeout reached for request 7235e596-af72-4b3f-b447-a140aaeb489e
2025-02-14 20:42:00,353 - LoudVA - INFO - [LoudServer] - Completed. Request ID: 7235e596-af72-4b3f-b447-a140aaeb489e
127.0.0.1 - - [14/Feb/2025 20:42:00] "POST /inference HTTP/1.1" 200 -
2025-02-14 20:42:01,443 - LoudVA - WARNING - [LoudServer] - Timeout reached for request bdce1982-b724-4e41-9102-8438b18cdbb0
2025-02-14 20:42:01,630 - LoudVA - INFO - [LoudServer] - Completed. Request ID: bdce1982-b724-4e41-9102-8438b18cdbb0
127.0.0.1 - - [14/Feb/2025 20:42:01] "POST /inference HTTP/1.1" 200 -
2025-02-14 20:42:02,250 - LoudVA - WARNING - [LoudServer] - Timeout reached for request 8c0f93d0-4e2d-4087-a6f0-434a6edb68a5
2025-02-14 20:42:02,260 - LoudVA - INFO - [LoudServer] - Completed. Request ID: 8c0f93d0-4e2d-4087-a6f0-434a6edb68a5
127.0.0.1 - - [14/Feb/2025 20:42:02] "POST /inference HTTP/1.1" 200 -
2025-02-14 20:42:03,386 - LoudVA - WARNING - [LoudServer] - Timeout reached for request cb08d7f1-008e-4b03-9723-4612439f46f3
2025-02-14 20:42:03,481 - LoudVA - INFO - [LoudServer] - Completed. Request ID: cb08d7f1-008e-4b03-9723-4612439f46f3
127.0.0.1 - - [14/Feb/2025 20:42:03] "POST /inference HTTP/1.1" 200 -
2025-02-14 20:42:04,439 - LoudVA - WARNING - [LoudServer] - Timeout reached for request d8fcb444-aad6-4b98-8e77-1d5f8735453c
2025-02-14 20:42:04,517 - LoudVA - INFO - [LoudServer] - Completed. Request ID: d8fcb444-aad6-4b98-8e77-1d5f8735453c
127.0.0.1 - - [14/Feb/2025 20:42:04] "POST /inference HTTP/1.1" 200 -
2025-02-14 20:42:05,365 - LoudVA - WARNING - [LoudServer] - Timeout reached for request cf36523c-2383-45c9-9431-506394ac8d0d
2025-02-14 20:42:05,448 - LoudVA - INFO - [LoudServer] - Completed. Request ID: cf36523c-2383-45c9-9431-506394ac8d0d
127.0.0.1 - - [14/Feb/2025 20:42:05] "POST /inference HTTP/1.1" 200 -
2025-02-14 20:42:06,288 - LoudVA - WARNING - [LoudServer] - Timeout reached for request a93389a1-9730-4196-a723-38c2e4b9b9fa
2025-02-14 20:42:06,330 - LoudVA - INFO - [LoudServer] - Completed. Request ID: a93389a1-9730-4196-a723-38c2e4b9b9fa
127.0.0.1 - - [14/Feb/2025 20:42:06] "POST /inference HTTP/1.1" 200 -
2025-02-14 20:42:07,303 - LoudVA - WARNING - [LoudServer] - Timeout reached for request cbe58ba1-bb16-4fc0-a19e-bb93ddd64fa2
2025-02-14 20:42:07,337 - LoudVA - INFO - [LoudServer] - Completed. Request ID: cbe58ba1-bb16-4fc0-a19e-bb93ddd64fa2
127.0.0.1 - - [14/Feb/2025 20:42:07] "POST /inference HTTP/1.1" 200 -
2025-02-14 20:42:08,439 - LoudVA - WARNING - [LoudServer] - Timeout reached for request 82376e3f-4173-4ee4-8759-23a87059cb13
2025-02-14 20:42:08,514 - LoudVA - INFO - [LoudServer] - Completed. Request ID: 82376e3f-4173-4ee4-8759-23a87059cb13
127.0.0.1 - - [14/Feb/2025 20:42:08] "POST /inference HTTP/1.1" 200 -
2025-02-14 20:42:09,276 - LoudVA - WARNING - [LoudServer] - Timeout reached for request 9ab6f996-d978-46d4-9428-9a4aee97532b
2025-02-14 20:42:09,287 - LoudVA - INFO - [LoudServer] - Completed. Request ID: 9ab6f996-d978-46d4-9428-9a4aee97532b
127.0.0.1 - - [14/Feb/2025 20:42:09] "POST /inference HTTP/1.1" 200 -
2025-02-14 20:42:10,486 - LoudVA - WARNING - [LoudServer] - Timeout reached for request 6860a814-794d-44f2-a88b-b52d00783a5b
2025-02-14 20:42:10,560 - LoudVA - INFO - [LoudServer] - Completed. Request ID: 6860a814-794d-44f2-a88b-b52d00783a5b
127.0.0.1 - - [14/Feb/2025 20:42:10] "POST /inference HTTP/1.1" 200 -
2025-02-14 20:42:11,267 - LoudVA - WARNING - [LoudServer] - Timeout reached for request 7b6f5865-86fd-4fc1-b340-8395125ff2e9
2025-02-14 20:42:11,285 - LoudVA - INFO - [LoudServer] - Completed. Request ID: 7b6f5865-86fd-4fc1-b340-8395125ff2e9
127.0.0.1 - - [14/Feb/2025 20:42:11] "POST /inference HTTP/1.1" 200 -
2025-02-14 20:42:12,360 - LoudVA - WARNING - [LoudServer] - Timeout reached for request a6575755-a358-42b9-b782-07fc35c33bef
2025-02-14 20:42:12,380 - LoudVA - INFO - [LoudServer] - Completed. Request ID: a6575755-a358-42b9-b782-07fc35c33bef
127.0.0.1 - - [14/Feb/2025 20:42:12] "POST /inference HTTP/1.1" 200 -
2025-02-14 20:42:13,612 - LoudVA - WARNING - [LoudServer] - Timeout reached for request 1d407812-9844-40d7-9f71-343a74ef597f
2025-02-14 20:42:13,677 - LoudVA - INFO - [LoudServer] - Completed. Request ID: 1d407812-9844-40d7-9f71-343a74ef597f
127.0.0.1 - - [14/Feb/2025 20:42:13] "POST /inference HTTP/1.1" 200 -
2025-02-14 20:42:14,258 - LoudVA - WARNING - [LoudServer] - Timeout reached for request b746e9b2-4fc3-401b-ad26-d2a95cf9c95a
2025-02-14 20:42:14,264 - LoudVA - INFO - [LoudServer] - Completed. Request ID: b746e9b2-4fc3-401b-ad26-d2a95cf9c95a
127.0.0.1 - - [14/Feb/2025 20:42:14] "POST /inference HTTP/1.1" 200 -
2025-02-14 20:42:15,287 - LoudVA - WARNING - [LoudServer] - Timeout reached for request 606ed9c8-fb2a-4851-8dd5-191f5ef5cb9f
2025-02-14 20:42:15,306 - LoudVA - INFO - [LoudServer] - Completed. Request ID: 606ed9c8-fb2a-4851-8dd5-191f5ef5cb9f
127.0.0.1 - - [14/Feb/2025 20:42:15] "POST /inference HTTP/1.1" 200 -
2025-02-14 20:42:16,286 - LoudVA - WARNING - [LoudServer] - Timeout reached for request d0b68a2b-520d-4e9f-91a7-849fc1059eff
2025-02-14 20:42:16,320 - LoudVA - INFO - [LoudServer] - Completed. Request ID: d0b68a2b-520d-4e9f-91a7-849fc1059eff
127.0.0.1 - - [14/Feb/2025 20:42:16] "POST /inference HTTP/1.1" 200 -
2025-02-14 20:42:17,407 - LoudVA - WARNING - [LoudServer] - Timeout reached for request 9aaa2a13-a792-4f48-866b-b7042f3a5f71
2025-02-14 20:42:17,498 - LoudVA - INFO - [LoudServer] - Completed. Request ID: 9aaa2a13-a792-4f48-866b-b7042f3a5f71
127.0.0.1 - - [14/Feb/2025 20:42:17] "POST /inference HTTP/1.1" 200 -
2025-02-14 20:42:18,276 - LoudVA - WARNING - [LoudServer] - Timeout reached for request 43ddab10-26d9-490e-956c-1da0792a65a0
2025-02-14 20:42:18,280 - LoudVA - INFO - [LoudServer] - Completed. Request ID: 43ddab10-26d9-490e-956c-1da0792a65a0
127.0.0.1 - - [14/Feb/2025 20:42:18] "POST /inference HTTP/1.1" 200 -
2025-02-14 20:42:19,408 - LoudVA - WARNING - [LoudServer] - Timeout reached for request 6e6a5313-8011-4d5c-9bb2-b02e90929ab6
2025-02-14 20:42:19,420 - LoudVA - INFO - [LoudServer] - Completed. Request ID: 6e6a5313-8011-4d5c-9bb2-b02e90929ab6
127.0.0.1 - - [14/Feb/2025 20:42:19] "POST /inference HTTP/1.1" 200 -
2025-02-14 20:42:20,349 - LoudVA - WARNING - [LoudServer] - Timeout reached for request de58cd7a-f079-4bb5-83f4-0c9d94a12863
2025-02-14 20:42:20,373 - LoudVA - INFO - [LoudServer] - Completed. Request ID: de58cd7a-f079-4bb5-83f4-0c9d94a12863
127.0.0.1 - - [14/Feb/2025 20:42:20] "POST /inference HTTP/1.1" 200 -
2025-02-14 20:42:21,258 - LoudVA - WARNING - [LoudServer] - Timeout reached for request 1108eba5-946f-4520-9536-b7d6eb1d7862
2025-02-14 20:42:21,264 - LoudVA - INFO - [LoudServer] - Completed. Request ID: 1108eba5-946f-4520-9536-b7d6eb1d7862
127.0.0.1 - - [14/Feb/2025 20:42:21] "POST /inference HTTP/1.1" 200 -
2025-02-14 20:42:22,357 - LoudVA - WARNING - [LoudServer] - Timeout reached for request d0fe9a23-3fc4-48e2-a480-b815dc7ac5d5
2025-02-14 20:42:22,384 - LoudVA - INFO - [LoudServer] - Completed. Request ID: d0fe9a23-3fc4-48e2-a480-b815dc7ac5d5
127.0.0.1 - - [14/Feb/2025 20:42:22] "POST /inference HTTP/1.1" 200 -
2025-02-14 20:42:23,529 - LoudVA - WARNING - [LoudServer] - Timeout reached for request 8e8f24c5-ae23-4163-9f6e-854b9b7d4c51
2025-02-14 20:42:23,592 - LoudVA - INFO - [LoudServer] - Completed. Request ID: 8e8f24c5-ae23-4163-9f6e-854b9b7d4c51
127.0.0.1 - - [14/Feb/2025 20:42:23] "POST /inference HTTP/1.1" 200 -
2025-02-14 20:42:24,522 - LoudVA - WARNING - [LoudServer] - Timeout reached for request c04293bd-70f4-48c8-92c1-c0bd7921c470
2025-02-14 20:42:24,548 - LoudVA - INFO - [LoudServer] - Completed. Request ID: c04293bd-70f4-48c8-92c1-c0bd7921c470
127.0.0.1 - - [14/Feb/2025 20:42:24] "POST /inference HTTP/1.1" 200 -
2025-02-14 20:42:25,379 - LoudVA - WARNING - [LoudServer] - Timeout reached for request 01486b91-958e-4e52-95f8-c0fc9d622c04
2025-02-14 20:42:25,439 - LoudVA - INFO - [LoudServer] - Completed. Request ID: 01486b91-958e-4e52-95f8-c0fc9d622c04
127.0.0.1 - - [14/Feb/2025 20:42:25] "POST /inference HTTP/1.1" 200 -
2025-02-14 20:42:26,420 - LoudVA - WARNING - [LoudServer] - Timeout reached for request ed472b0f-c2c6-4fde-809f-474e9677a02b
2025-02-14 20:42:26,439 - LoudVA - INFO - [LoudServer] - Completed. Request ID: ed472b0f-c2c6-4fde-809f-474e9677a02b
127.0.0.1 - - [14/Feb/2025 20:42:26] "POST /inference HTTP/1.1" 200 -
2025-02-14 20:42:27,269 - LoudVA - WARNING - [LoudServer] - Timeout reached for request c374b2a1-5911-4922-abcc-adafcb65cfdc
2025-02-14 20:42:27,282 - LoudVA - INFO - [LoudServer] - Completed. Request ID: c374b2a1-5911-4922-abcc-adafcb65cfdc
127.0.0.1 - - [14/Feb/2025 20:42:27] "POST /inference HTTP/1.1" 200 -
2025-02-14 20:42:28,500 - LoudVA - WARNING - [LoudServer] - Timeout reached for request 7a3040c5-36cf-4e5a-9f9b-6bdae2af8542
2025-02-14 20:42:28,592 - LoudVA - INFO - [LoudServer] - Completed. Request ID: 7a3040c5-36cf-4e5a-9f9b-6bdae2af8542
127.0.0.1 - - [14/Feb/2025 20:42:28] "POST /inference HTTP/1.1" 200 -
2025-02-14 20:42:29,538 - LoudVA - WARNING - [LoudServer] - Timeout reached for request a9776572-c30e-4264-9b03-d55df8e1dcd2
2025-02-14 20:42:29,594 - LoudVA - INFO - [LoudServer] - Completed. Request ID: a9776572-c30e-4264-9b03-d55df8e1dcd2
127.0.0.1 - - [14/Feb/2025 20:42:29] "POST /inference HTTP/1.1" 200 -
2025-02-14 20:42:30,498 - LoudVA - WARNING - [LoudServer] - Timeout reached for request 7672f622-b77b-4e4b-8c85-ce3060187e28
2025-02-14 20:42:30,511 - LoudVA - INFO - [LoudServer] - Completed. Request ID: 7672f622-b77b-4e4b-8c85-ce3060187e28
127.0.0.1 - - [14/Feb/2025 20:42:30] "POST /inference HTTP/1.1" 200 -
2025-02-14 20:42:31,601 - LoudVA - WARNING - [LoudServer] - Timeout reached for request c3d7d4d6-e697-4495-ab97-8cba8b546c09
2025-02-14 20:42:31,653 - LoudVA - INFO - [LoudServer] - Completed. Request ID: c3d7d4d6-e697-4495-ab97-8cba8b546c09
127.0.0.1 - - [14/Feb/2025 20:42:31] "POST /inference HTTP/1.1" 200 -
2025-02-14 20:42:32,467 - LoudVA - WARNING - [LoudServer] - Timeout reached for request dfd1f513-32b4-4682-8025-ff5dc8e39ebc
2025-02-14 20:42:32,476 - LoudVA - INFO - [LoudServer] - Completed. Request ID: dfd1f513-32b4-4682-8025-ff5dc8e39ebc
127.0.0.1 - - [14/Feb/2025 20:42:32] "POST /inference HTTP/1.1" 200 -
2025-02-14 20:42:33,388 - LoudVA - WARNING - [LoudServer] - Timeout reached for request 336dcd99-2b51-43bb-b349-0006bf0dc61a
2025-02-14 20:42:33,402 - LoudVA - INFO - [LoudServer] - Completed. Request ID: 336dcd99-2b51-43bb-b349-0006bf0dc61a
127.0.0.1 - - [14/Feb/2025 20:42:33] "POST /inference HTTP/1.1" 200 -
2025-02-14 20:42:34,270 - LoudVA - WARNING - [LoudServer] - Timeout reached for request dccdd4e8-434f-4e58-8c06-68acbe47f7d0
2025-02-14 20:42:34,288 - LoudVA - INFO - [LoudServer] - Completed. Request ID: dccdd4e8-434f-4e58-8c06-68acbe47f7d0
127.0.0.1 - - [14/Feb/2025 20:42:34] "POST /inference HTTP/1.1" 200 -
2025-02-14 20:42:35,317 - LoudVA - WARNING - [LoudServer] - Timeout reached for request b2c40877-e2c7-46c2-bfab-6fc6a0c3d725
2025-02-14 20:42:35,331 - LoudVA - INFO - [LoudServer] - Completed. Request ID: b2c40877-e2c7-46c2-bfab-6fc6a0c3d725
127.0.0.1 - - [14/Feb/2025 20:42:35] "POST /inference HTTP/1.1" 200 -
2025-02-14 20:42:36,384 - LoudVA - WARNING - [LoudServer] - Timeout reached for request 357c2b85-64dd-4919-93f9-8e8a0966d702
2025-02-14 20:42:36,404 - LoudVA - INFO - [LoudServer] - Completed. Request ID: 357c2b85-64dd-4919-93f9-8e8a0966d702
127.0.0.1 - - [14/Feb/2025 20:42:36] "POST /inference HTTP/1.1" 200 -
2025-02-14 20:42:37,315 - LoudVA - WARNING - [LoudServer] - Timeout reached for request 85e9eeec-1113-4df2-b44a-91b18ed9bb46
2025-02-14 20:42:37,344 - LoudVA - INFO - [LoudServer] - Completed. Request ID: 85e9eeec-1113-4df2-b44a-91b18ed9bb46
127.0.0.1 - - [14/Feb/2025 20:42:37] "POST /inference HTTP/1.1" 200 -
2025-02-14 20:42:38,410 - LoudVA - WARNING - [LoudServer] - Timeout reached for request a9d3842f-6f64-4dd4-bfa8-5d1aad47be8b
2025-02-14 20:42:38,445 - LoudVA - INFO - [LoudServer] - Completed. Request ID: a9d3842f-6f64-4dd4-bfa8-5d1aad47be8b
127.0.0.1 - - [14/Feb/2025 20:42:38] "POST /inference HTTP/1.1" 200 -
2025-02-14 20:42:39,368 - LoudVA - WARNING - [LoudServer] - Timeout reached for request 0f96e1c4-95a1-479c-afd2-d68e2f403d1b
2025-02-14 20:42:39,416 - LoudVA - INFO - [LoudServer] - Completed. Request ID: 0f96e1c4-95a1-479c-afd2-d68e2f403d1b
127.0.0.1 - - [14/Feb/2025 20:42:39] "POST /inference HTTP/1.1" 200 -
2025-02-14 20:42:40,318 - LoudVA - WARNING - [LoudServer] - Timeout reached for request 7ec728ad-e878-47b5-bf5a-45672a6920e0
2025-02-14 20:42:40,331 - LoudVA - INFO - [LoudServer] - Completed. Request ID: 7ec728ad-e878-47b5-bf5a-45672a6920e0
127.0.0.1 - - [14/Feb/2025 20:42:40] "POST /inference HTTP/1.1" 200 -
2025-02-14 20:42:41,326 - LoudVA - WARNING - [LoudServer] - Timeout reached for request 11d04a9c-7123-4f60-a3de-d9558d8de5f4
2025-02-14 20:42:41,353 - LoudVA - INFO - [LoudServer] - Completed. Request ID: 11d04a9c-7123-4f60-a3de-d9558d8de5f4
127.0.0.1 - - [14/Feb/2025 20:42:41] "POST /inference HTTP/1.1" 200 -
2025-02-14 20:42:42,436 - LoudVA - WARNING - [LoudServer] - Timeout reached for request cb6c4d69-650d-495d-8f4c-06c8e2ba0264
2025-02-14 20:42:42,469 - LoudVA - INFO - [LoudServer] - Completed. Request ID: cb6c4d69-650d-495d-8f4c-06c8e2ba0264
127.0.0.1 - - [14/Feb/2025 20:42:42] "POST /inference HTTP/1.1" 200 -
2025-02-14 20:42:43,308 - LoudVA - WARNING - [LoudServer] - Timeout reached for request 7e605a57-3d3d-4a9c-b2db-756ef6c8b45c
2025-02-14 20:42:43,321 - LoudVA - INFO - [LoudServer] - Completed. Request ID: 7e605a57-3d3d-4a9c-b2db-756ef6c8b45c
127.0.0.1 - - [14/Feb/2025 20:42:43] "POST /inference HTTP/1.1" 200 -
2025-02-14 20:42:44,268 - LoudVA - WARNING - [LoudServer] - Timeout reached for request 0ecdc99b-1664-491a-aebe-a9d4cc847c26
2025-02-14 20:42:44,281 - LoudVA - INFO - [LoudServer] - Completed. Request ID: 0ecdc99b-1664-491a-aebe-a9d4cc847c26
127.0.0.1 - - [14/Feb/2025 20:42:44] "POST /inference HTTP/1.1" 200 -
2025-02-14 20:42:45,270 - LoudVA - WARNING - [LoudServer] - Timeout reached for request a7d09035-adfd-42ac-a4dc-1942da228bfc
2025-02-14 20:42:45,275 - LoudVA - INFO - [LoudServer] - Completed. Request ID: a7d09035-adfd-42ac-a4dc-1942da228bfc
127.0.0.1 - - [14/Feb/2025 20:42:45] "POST /inference HTTP/1.1" 200 -
2025-02-14 20:42:46,431 - LoudVA - WARNING - [LoudServer] - Timeout reached for request 1d9cabc3-b018-4f73-a372-68b51c61250d
2025-02-14 20:42:46,487 - LoudVA - INFO - [LoudServer] - Completed. Request ID: 1d9cabc3-b018-4f73-a372-68b51c61250d
127.0.0.1 - - [14/Feb/2025 20:42:46] "POST /inference HTTP/1.1" 200 -
2025-02-14 20:42:47,271 - LoudVA - WARNING - [LoudServer] - Timeout reached for request cf84bbcc-79ae-40b0-91c0-b52f4af64382
2025-02-14 20:42:47,274 - LoudVA - INFO - [LoudServer] - Completed. Request ID: cf84bbcc-79ae-40b0-91c0-b52f4af64382
127.0.0.1 - - [14/Feb/2025 20:42:47] "POST /inference HTTP/1.1" 200 -
2025-02-14 20:42:48,361 - LoudVA - WARNING - [LoudServer] - Timeout reached for request 8f4dbb14-0942-46ad-afd2-f40140ecfee8
2025-02-14 20:42:48,383 - LoudVA - INFO - [LoudServer] - Completed. Request ID: 8f4dbb14-0942-46ad-afd2-f40140ecfee8
127.0.0.1 - - [14/Feb/2025 20:42:48] "POST /inference HTTP/1.1" 200 -
2025-02-14 20:42:49,382 - LoudVA - WARNING - [LoudServer] - Timeout reached for request a9771527-e05f-44e1-9207-040ee039815a
2025-02-14 20:42:49,418 - LoudVA - INFO - [LoudServer] - Completed. Request ID: a9771527-e05f-44e1-9207-040ee039815a
127.0.0.1 - - [14/Feb/2025 20:42:49] "POST /inference HTTP/1.1" 200 -
2025-02-14 20:42:50,493 - LoudVA - WARNING - [LoudServer] - Timeout reached for request 9e648db5-c380-4c99-ae36-4a593a1a69b4
2025-02-14 20:42:50,510 - LoudVA - INFO - [LoudServer] - Completed. Request ID: 9e648db5-c380-4c99-ae36-4a593a1a69b4
127.0.0.1 - - [14/Feb/2025 20:42:50] "POST /inference HTTP/1.1" 200 -
2025-02-14 20:42:51,170 - LoudVA - WARNING - [LoudServer] - Timeout reached for request dd97dab0-f35d-4877-ae06-a903f6c99cbd
2025-02-14 20:42:51,181 - LoudVA - INFO - [LoudServer] - Completed. Request ID: dd97dab0-f35d-4877-ae06-a903f6c99cbd
127.0.0.1 - - [14/Feb/2025 20:42:51] "POST /inference HTTP/1.1" 200 -
2025-02-14 20:42:51,472 - LoudVA - WARNING - [LoudServer] - Timeout reached for request ada2d6cc-0687-4888-80f8-17ccff560daf
2025-02-14 20:42:51,509 - LoudVA - INFO - [LoudServer] - Completed. Request ID: ada2d6cc-0687-4888-80f8-17ccff560daf
127.0.0.1 - - [14/Feb/2025 20:42:51] "POST /inference HTTP/1.1" 200 -
2025-02-14 20:42:52,101 - LoudVA - WARNING - [LoudServer] - Timeout reached for request 14ee9d69-011c-44b9-86fa-24f04513972c
2025-02-14 20:42:52,114 - LoudVA - INFO - [LoudServer] - Completed. Request ID: 14ee9d69-011c-44b9-86fa-24f04513972c
127.0.0.1 - - [14/Feb/2025 20:42:52] "POST /inference HTTP/1.1" 200 -
2025-02-14 20:42:52,405 - LoudVA - WARNING - [LoudServer] - Timeout reached for request 420abe87-5eda-4882-bbba-c7a9f61a874a
2025-02-14 20:42:52,433 - LoudVA - INFO - [LoudServer] - Completed. Request ID: 420abe87-5eda-4882-bbba-c7a9f61a874a
127.0.0.1 - - [14/Feb/2025 20:42:52] "POST /inference HTTP/1.1" 200 -
2025-02-14 20:42:53,034 - LoudVA - WARNING - [LoudServer] - Timeout reached for request 050c4a18-c683-4f82-9516-937605d45dd6
2025-02-14 20:42:53,038 - LoudVA - INFO - [LoudServer] - Completed. Request ID: 050c4a18-c683-4f82-9516-937605d45dd6
127.0.0.1 - - [14/Feb/2025 20:42:53] "POST /inference HTTP/1.1" 200 -
2025-02-14 20:42:53,306 - LoudVA - WARNING - [LoudServer] - Timeout reached for request 0aedc408-c918-42b1-a060-0ab2030f77ad
2025-02-14 20:42:53,318 - LoudVA - INFO - [LoudServer] - Completed. Request ID: 0aedc408-c918-42b1-a060-0ab2030f77ad
127.0.0.1 - - [14/Feb/2025 20:42:53] "POST /inference HTTP/1.1" 200 -
2025-02-14 20:42:54,209 - LoudVA - WARNING - [LoudServer] - Timeout reached for request 9aeb87c0-8ef7-4bc7-95a0-43679363597d
2025-02-14 20:42:54,224 - LoudVA - INFO - [LoudServer] - Completed. Request ID: 9aeb87c0-8ef7-4bc7-95a0-43679363597d
127.0.0.1 - - [14/Feb/2025 20:42:54] "POST /inference HTTP/1.1" 200 -
2025-02-14 20:42:54,427 - LoudVA - WARNING - [LoudServer] - Timeout reached for request 9c333309-5957-47b2-9d77-956dd99e49ee
2025-02-14 20:42:54,445 - LoudVA - INFO - [LoudServer] - Completed. Request ID: 9c333309-5957-47b2-9d77-956dd99e49ee
127.0.0.1 - - [14/Feb/2025 20:42:54] "POST /inference HTTP/1.1" 200 -
2025-02-14 20:42:54,976 - LoudVA - WARNING - [LoudServer] - Timeout reached for request c78fbd52-380b-4e2b-a96a-675725dc470c
2025-02-14 20:42:54,986 - LoudVA - INFO - [LoudServer] - Completed. Request ID: c78fbd52-380b-4e2b-a96a-675725dc470c
127.0.0.1 - - [14/Feb/2025 20:42:54] "POST /inference HTTP/1.1" 200 -
2025-02-14 20:42:55,260 - LoudVA - WARNING - [LoudServer] - Timeout reached for request b760128d-22a0-4644-89ae-6852a59ff6bb
2025-02-14 20:42:55,263 - LoudVA - INFO - [LoudServer] - Completed. Request ID: b760128d-22a0-4644-89ae-6852a59ff6bb
127.0.0.1 - - [14/Feb/2025 20:42:55] "POST /inference HTTP/1.1" 200 -
2025-02-14 20:42:56,181 - LoudVA - WARNING - [LoudServer] - Timeout reached for request 6d1cfaa2-1094-463d-94bf-8a91136ef062
2025-02-14 20:42:56,199 - LoudVA - INFO - [LoudServer] - Completed. Request ID: 6d1cfaa2-1094-463d-94bf-8a91136ef062
127.0.0.1 - - [14/Feb/2025 20:42:56] "POST /inference HTTP/1.1" 200 -
2025-02-14 20:42:56,273 - LoudVA - WARNING - [LoudServer] - Timeout reached for request fab0b2b5-aeda-4246-8ac8-36a01c67cedb
2025-02-14 20:42:56,280 - LoudVA - INFO - [LoudServer] - Completed. Request ID: fab0b2b5-aeda-4246-8ac8-36a01c67cedb
127.0.0.1 - - [14/Feb/2025 20:42:56] "POST /inference HTTP/1.1" 200 -
2025-02-14 20:42:57,062 - LoudVA - WARNING - [LoudServer] - Timeout reached for request c763d928-4019-44e5-a0d8-77ae8835c9b1
2025-02-14 20:42:57,086 - LoudVA - INFO - [LoudServer] - Completed. Request ID: c763d928-4019-44e5-a0d8-77ae8835c9b1
127.0.0.1 - - [14/Feb/2025 20:42:57] "POST /inference HTTP/1.1" 200 -
2025-02-14 20:42:57,426 - LoudVA - WARNING - [LoudServer] - Timeout reached for request b601d0b3-cfe7-4c98-bf2d-930d4d50109c
2025-02-14 20:42:57,436 - LoudVA - INFO - [LoudServer] - Completed. Request ID: b601d0b3-cfe7-4c98-bf2d-930d4d50109c
127.0.0.1 - - [14/Feb/2025 20:42:57] "POST /inference HTTP/1.1" 200 -
2025-02-14 20:42:58,071 - LoudVA - WARNING - [LoudServer] - Timeout reached for request da12433b-4bdc-453c-92ab-af2f92e280d2
2025-02-14 20:42:58,079 - LoudVA - INFO - [LoudServer] - Completed. Request ID: da12433b-4bdc-453c-92ab-af2f92e280d2
127.0.0.1 - - [14/Feb/2025 20:42:58] "POST /inference HTTP/1.1" 200 -
2025-02-14 20:42:58,564 - LoudVA - WARNING - [LoudServer] - Timeout reached for request 5b208694-b454-4760-a237-d30613ed2a4b
2025-02-14 20:42:58,585 - LoudVA - INFO - [LoudServer] - Completed. Request ID: 5b208694-b454-4760-a237-d30613ed2a4b
127.0.0.1 - - [14/Feb/2025 20:42:58] "POST /inference HTTP/1.1" 200 -
2025-02-14 20:42:59,195 - LoudVA - WARNING - [LoudServer] - Timeout reached for request ac58d719-3b49-4692-a837-4fe9d86c1851
2025-02-14 20:42:59,201 - LoudVA - INFO - [LoudServer] - Completed. Request ID: ac58d719-3b49-4692-a837-4fe9d86c1851
127.0.0.1 - - [14/Feb/2025 20:42:59] "POST /inference HTTP/1.1" 200 -
2025-02-14 20:42:59,590 - LoudVA - WARNING - [LoudServer] - Timeout reached for request 45e6ebed-de3a-48ea-9bdb-c96f881e7960
2025-02-14 20:42:59,609 - LoudVA - INFO - [LoudServer] - Completed. Request ID: 45e6ebed-de3a-48ea-9bdb-c96f881e7960
127.0.0.1 - - [14/Feb/2025 20:42:59] "POST /inference HTTP/1.1" 200 -
2025-02-14 20:43:00,406 - LoudVA - WARNING - [LoudServer] - Timeout reached for request a4862919-1cf8-4856-9a5c-2b981bac3a41
2025-02-14 20:43:00,424 - LoudVA - INFO - [LoudServer] - Completed. Request ID: a4862919-1cf8-4856-9a5c-2b981bac3a41
127.0.0.1 - - [14/Feb/2025 20:43:00] "POST /inference HTTP/1.1" 200 -
2025-02-14 20:43:00,457 - LoudVA - WARNING - [LoudServer] - Timeout reached for request 5b4435b7-821b-4292-a291-6e517a38c039
2025-02-14 20:43:00,468 - LoudVA - INFO - [LoudServer] - Completed. Request ID: 5b4435b7-821b-4292-a291-6e517a38c039
127.0.0.1 - - [14/Feb/2025 20:43:00] "POST /inference HTTP/1.1" 200 -
2025-02-14 20:43:01,001 - LoudVA - WARNING - [LoudServer] - Timeout reached for request 472cf93d-8832-4bd2-8d6b-0f2e9d4f5323
2025-02-14 20:43:01,007 - LoudVA - INFO - [LoudServer] - Completed. Request ID: 472cf93d-8832-4bd2-8d6b-0f2e9d4f5323
127.0.0.1 - - [14/Feb/2025 20:43:01] "POST /inference HTTP/1.1" 200 -
2025-02-14 20:43:01,319 - LoudVA - WARNING - [LoudServer] - Timeout reached for request d00a95db-1f43-4ed1-b9ae-2a8b0da1c437
2025-02-14 20:43:01,332 - LoudVA - INFO - [LoudServer] - Completed. Request ID: d00a95db-1f43-4ed1-b9ae-2a8b0da1c437
127.0.0.1 - - [14/Feb/2025 20:43:01] "POST /inference HTTP/1.1" 200 -
2025-02-14 20:43:02,166 - LoudVA - WARNING - [LoudServer] - Timeout reached for request 4428192d-7c31-429b-92f5-a18008b088e8
2025-02-14 20:43:02,176 - LoudVA - INFO - [LoudServer] - Completed. Request ID: 4428192d-7c31-429b-92f5-a18008b088e8
127.0.0.1 - - [14/Feb/2025 20:43:02] "POST /inference HTTP/1.1" 200 -
2025-02-14 20:43:02,466 - LoudVA - WARNING - [LoudServer] - Timeout reached for request 2a833459-8d2e-4a5d-bdbe-08b2277a38c1
2025-02-14 20:43:02,484 - LoudVA - INFO - [LoudServer] - Completed. Request ID: 2a833459-8d2e-4a5d-bdbe-08b2277a38c1
127.0.0.1 - - [14/Feb/2025 20:43:02] "POST /inference HTTP/1.1" 200 -
2025-02-14 20:43:02,991 - LoudVA - WARNING - [LoudServer] - Timeout reached for request 7c128df6-d8f7-4127-ac9d-fb023f0e526c
2025-02-14 20:43:02,994 - LoudVA - INFO - [LoudServer] - Completed. Request ID: 7c128df6-d8f7-4127-ac9d-fb023f0e526c
127.0.0.1 - - [14/Feb/2025 20:43:02] "POST /inference HTTP/1.1" 200 -
2025-02-14 20:43:03,424 - LoudVA - WARNING - [LoudServer] - Timeout reached for request e768bcfe-9fc5-423d-ae99-3eaf60daa679
2025-02-14 20:43:03,439 - LoudVA - INFO - [LoudServer] - Completed. Request ID: e768bcfe-9fc5-423d-ae99-3eaf60daa679
127.0.0.1 - - [14/Feb/2025 20:43:03] "POST /inference HTTP/1.1" 200 -
2025-02-14 20:43:04,231 - LoudVA - WARNING - [LoudServer] - Timeout reached for request fd3b2931-0cde-44a1-addf-7da38d7d4057
2025-02-14 20:43:04,248 - LoudVA - INFO - [LoudServer] - Completed. Request ID: fd3b2931-0cde-44a1-addf-7da38d7d4057
127.0.0.1 - - [14/Feb/2025 20:43:04] "POST /inference HTTP/1.1" 200 -
2025-02-14 20:43:04,373 - LoudVA - WARNING - [LoudServer] - Timeout reached for request 4601e35c-33b5-476c-a2a4-a787b376864b
2025-02-14 20:43:04,378 - LoudVA - INFO - [LoudServer] - Completed. Request ID: 4601e35c-33b5-476c-a2a4-a787b376864b
127.0.0.1 - - [14/Feb/2025 20:43:04] "POST /inference HTTP/1.1" 200 -
2025-02-14 20:43:05,035 - LoudVA - WARNING - [LoudServer] - Timeout reached for request 582a7350-48b4-4d30-81b0-bb880bff0c41
2025-02-14 20:43:05,041 - LoudVA - INFO - [LoudServer] - Completed. Request ID: 582a7350-48b4-4d30-81b0-bb880bff0c41
127.0.0.1 - - [14/Feb/2025 20:43:05] "POST /inference HTTP/1.1" 200 -
2025-02-14 20:43:05,275 - LoudVA - WARNING - [LoudServer] - Timeout reached for request c4927603-7736-4085-a488-a2cdf69ff3a6
2025-02-14 20:43:05,276 - LoudVA - INFO - [LoudServer] - Completed. Request ID: c4927603-7736-4085-a488-a2cdf69ff3a6
127.0.0.1 - - [14/Feb/2025 20:43:05] "POST /inference HTTP/1.1" 200 -
2025-02-14 20:43:06,165 - LoudVA - WARNING - [LoudServer] - Timeout reached for request a8b066fa-726c-4124-858b-f4f4effb4c68
2025-02-14 20:43:06,173 - LoudVA - INFO - [LoudServer] - Completed. Request ID: a8b066fa-726c-4124-858b-f4f4effb4c68
127.0.0.1 - - [14/Feb/2025 20:43:06] "POST /inference HTTP/1.1" 200 -
2025-02-14 20:43:06,385 - LoudVA - WARNING - [LoudServer] - Timeout reached for request c3543067-49f9-4fe2-876d-b5c58df83871
2025-02-14 20:43:06,386 - LoudVA - INFO - [LoudServer] - Completed. Request ID: c3543067-49f9-4fe2-876d-b5c58df83871
127.0.0.1 - - [14/Feb/2025 20:43:06] "POST /inference HTTP/1.1" 200 -
2025-02-14 20:43:06,966 - LoudVA - WARNING - [LoudServer] - Timeout reached for request 0a9e67a6-09e1-4718-b4d7-f962e80dd270
2025-02-14 20:43:06,967 - LoudVA - INFO - [LoudServer] - Completed. Request ID: 0a9e67a6-09e1-4718-b4d7-f962e80dd270
127.0.0.1 - - [14/Feb/2025 20:43:06] "POST /inference HTTP/1.1" 200 -
2025-02-14 20:43:07,423 - LoudVA - WARNING - [LoudServer] - Timeout reached for request c7276552-56b2-41ea-9b2b-c1ce0abe957a
2025-02-14 20:43:07,425 - LoudVA - INFO - [LoudServer] - Completed. Request ID: c7276552-56b2-41ea-9b2b-c1ce0abe957a
127.0.0.1 - - [14/Feb/2025 20:43:07] "POST /inference HTTP/1.1" 200 -
2025-02-14 20:43:08,126 - LoudVA - WARNING - [LoudServer] - Timeout reached for request b436221a-cbbe-4c70-84b4-7527bb4767f2
2025-02-14 20:43:08,135 - LoudVA - INFO - [LoudServer] - Completed. Request ID: b436221a-cbbe-4c70-84b4-7527bb4767f2
127.0.0.1 - - [14/Feb/2025 20:43:08] "POST /inference HTTP/1.1" 200 -
2025-02-14 20:43:08,293 - LoudVA - WARNING - [LoudServer] - Timeout reached for request 2ecd01e5-c952-4403-a8a9-e51247da6490
2025-02-14 20:43:08,299 - LoudVA - INFO - [LoudServer] - Completed. Request ID: 2ecd01e5-c952-4403-a8a9-e51247da6490
127.0.0.1 - - [14/Feb/2025 20:43:08] "POST /inference HTTP/1.1" 200 -
2025-02-14 20:43:08,988 - LoudVA - WARNING - [LoudServer] - Timeout reached for request 83c17100-6149-41f1-92d9-3599d62f5aaa
2025-02-14 20:43:08,989 - LoudVA - INFO - [LoudServer] - Completed. Request ID: 83c17100-6149-41f1-92d9-3599d62f5aaa
127.0.0.1 - - [14/Feb/2025 20:43:08] "POST /inference HTTP/1.1" 200 -
2025-02-14 20:43:09,320 - LoudVA - WARNING - [LoudServer] - Timeout reached for request c6f8af25-1231-400b-8f9a-8133e9be22cd
2025-02-14 20:43:09,323 - LoudVA - INFO - [LoudServer] - Completed. Request ID: c6f8af25-1231-400b-8f9a-8133e9be22cd
127.0.0.1 - - [14/Feb/2025 20:43:09] "POST /inference HTTP/1.1" 200 -
2025-02-14 20:43:10,071 - LoudVA - WARNING - [LoudServer] - Timeout reached for request ac44d7a1-93d3-4847-b221-dae73e003017
2025-02-14 20:43:10,082 - LoudVA - INFO - [LoudServer] - Completed. Request ID: ac44d7a1-93d3-4847-b221-dae73e003017
127.0.0.1 - - [14/Feb/2025 20:43:10] "POST /inference HTTP/1.1" 200 -
2025-02-14 20:43:10,344 - LoudVA - WARNING - [LoudServer] - Timeout reached for request 1e2d49b5-b834-4c64-8134-0a9367454663
2025-02-14 20:43:10,360 - LoudVA - INFO - [LoudServer] - Completed. Request ID: 1e2d49b5-b834-4c64-8134-0a9367454663
127.0.0.1 - - [14/Feb/2025 20:43:10] "POST /inference HTTP/1.1" 200 -
2025-02-14 20:43:11,118 - LoudVA - WARNING - [LoudServer] - Timeout reached for request bb68541f-8b4f-496e-ab85-e0bd9ee18185
2025-02-14 20:43:11,120 - LoudVA - INFO - [LoudServer] - Completed. Request ID: bb68541f-8b4f-496e-ab85-e0bd9ee18185
127.0.0.1 - - [14/Feb/2025 20:43:11] "POST /inference HTTP/1.1" 200 -
2025-02-14 20:43:11,288 - LoudVA - WARNING - [LoudServer] - Timeout reached for request 93f3e5bb-d368-4f08-9147-1899579420a4
2025-02-14 20:43:11,290 - LoudVA - INFO - [LoudServer] - Completed. Request ID: 93f3e5bb-d368-4f08-9147-1899579420a4
127.0.0.1 - - [14/Feb/2025 20:43:11] "POST /inference HTTP/1.1" 200 -
2025-02-14 20:43:12,145 - LoudVA - WARNING - [LoudServer] - Timeout reached for request 00bb55d2-d745-4ff9-a8e3-e96d185da1b5
2025-02-14 20:43:12,151 - LoudVA - INFO - [LoudServer] - Completed. Request ID: 00bb55d2-d745-4ff9-a8e3-e96d185da1b5
127.0.0.1 - - [14/Feb/2025 20:43:12] "POST /inference HTTP/1.1" 200 -
2025-02-14 20:43:12,424 - LoudVA - WARNING - [LoudServer] - Timeout reached for request 41a3965b-3083-4a3f-9bd5-6534aafb8db2
2025-02-14 20:43:12,430 - LoudVA - INFO - [LoudServer] - Completed. Request ID: 41a3965b-3083-4a3f-9bd5-6534aafb8db2
127.0.0.1 - - [14/Feb/2025 20:43:12] "POST /inference HTTP/1.1" 200 -
2025-02-14 20:43:13,047 - LoudVA - WARNING - [LoudServer] - Timeout reached for request cd373208-9a4a-491e-a380-4e73be44bb1b
2025-02-14 20:43:13,055 - LoudVA - INFO - [LoudServer] - Completed. Request ID: cd373208-9a4a-491e-a380-4e73be44bb1b
127.0.0.1 - - [14/Feb/2025 20:43:13] "POST /inference HTTP/1.1" 200 -
2025-02-14 20:43:13,428 - LoudVA - WARNING - [LoudServer] - Timeout reached for request c60a4d6c-b11d-4391-9fe0-6ab95366a21a
2025-02-14 20:43:13,444 - LoudVA - INFO - [LoudServer] - Completed. Request ID: c60a4d6c-b11d-4391-9fe0-6ab95366a21a
127.0.0.1 - - [14/Feb/2025 20:43:13] "POST /inference HTTP/1.1" 200 -
2025-02-14 20:43:14,207 - LoudVA - WARNING - [LoudServer] - Timeout reached for request 3310c419-48f1-437f-ba0e-ece100310113
2025-02-14 20:43:14,270 - LoudVA - INFO - [LoudServer] - Completed. Request ID: 3310c419-48f1-437f-ba0e-ece100310113
127.0.0.1 - - [14/Feb/2025 20:43:14] "POST /inference HTTP/1.1" 200 -
2025-02-14 20:43:15,253 - LoudVA - WARNING - [LoudServer] - Timeout reached for request dddba8e0-6cff-4a3c-bd18-d4729575dde6
2025-02-14 20:43:15,289 - LoudVA - INFO - [LoudServer] - Completed. Request ID: dddba8e0-6cff-4a3c-bd18-d4729575dde6
127.0.0.1 - - [14/Feb/2025 20:43:15] "POST /inference HTTP/1.1" 200 -
2025-02-14 20:43:16,151 - LoudVA - WARNING - [LoudServer] - Timeout reached for request 5632186f-580a-43ec-8988-a637d4ebb065
2025-02-14 20:43:16,188 - LoudVA - INFO - [LoudServer] - Completed. Request ID: 5632186f-580a-43ec-8988-a637d4ebb065
127.0.0.1 - - [14/Feb/2025 20:43:16] "POST /inference HTTP/1.1" 200 -
2025-02-14 20:43:17,200 - LoudVA - WARNING - [LoudServer] - Timeout reached for request b5d0a897-80ca-4872-92f1-92f9548628c6
2025-02-14 20:43:17,248 - LoudVA - INFO - [LoudServer] - Completed. Request ID: b5d0a897-80ca-4872-92f1-92f9548628c6
127.0.0.1 - - [14/Feb/2025 20:43:17] "POST /inference HTTP/1.1" 200 -
2025-02-14 20:43:18,134 - LoudVA - WARNING - [LoudServer] - Timeout reached for request 4cdc0bf2-d3cb-4bae-8316-14a9bbafff7e
2025-02-14 20:43:18,164 - LoudVA - INFO - [LoudServer] - Completed. Request ID: 4cdc0bf2-d3cb-4bae-8316-14a9bbafff7e
127.0.0.1 - - [14/Feb/2025 20:43:18] "POST /inference HTTP/1.1" 200 -
2025-02-14 20:43:19,084 - LoudVA - WARNING - [LoudServer] - Timeout reached for request 4c19f4c2-cf4b-45ae-98f3-90866930d616
2025-02-14 20:43:19,094 - LoudVA - INFO - [LoudServer] - Completed. Request ID: 4c19f4c2-cf4b-45ae-98f3-90866930d616
127.0.0.1 - - [14/Feb/2025 20:43:19] "POST /inference HTTP/1.1" 200 -
2025-02-14 20:43:20,309 - LoudVA - WARNING - [LoudServer] - Timeout reached for request df267c6f-2f46-431c-a169-f1262ef26fec
2025-02-14 20:43:20,352 - LoudVA - INFO - [LoudServer] - Completed. Request ID: df267c6f-2f46-431c-a169-f1262ef26fec
127.0.0.1 - - [14/Feb/2025 20:43:20] "POST /inference HTTP/1.1" 200 -
2025-02-14 20:43:21,280 - LoudVA - WARNING - [LoudServer] - Timeout reached for request cb426a09-3dd1-4421-82ab-e1d321946270
2025-02-14 20:43:21,327 - LoudVA - INFO - [LoudServer] - Completed. Request ID: cb426a09-3dd1-4421-82ab-e1d321946270
127.0.0.1 - - [14/Feb/2025 20:43:21] "POST /inference HTTP/1.1" 200 -
2025-02-14 20:43:22,077 - LoudVA - WARNING - [LoudServer] - Timeout reached for request 11b08290-ab74-4973-8ec4-2312ba63cd20
2025-02-14 20:43:22,079 - LoudVA - INFO - [LoudServer] - Completed. Request ID: 11b08290-ab74-4973-8ec4-2312ba63cd20
127.0.0.1 - - [14/Feb/2025 20:43:22] "POST /inference HTTP/1.1" 200 -
2025-02-14 20:43:23,101 - LoudVA - WARNING - [LoudServer] - Timeout reached for request 1d7be5c4-3527-4a96-99a6-358aa5fa54c9
2025-02-14 20:43:23,136 - LoudVA - INFO - [LoudServer] - Completed. Request ID: 1d7be5c4-3527-4a96-99a6-358aa5fa54c9
127.0.0.1 - - [14/Feb/2025 20:43:23] "POST /inference HTTP/1.1" 200 -
2025-02-14 20:43:24,125 - LoudVA - WARNING - [LoudServer] - Timeout reached for request 238e8c7a-013f-432e-8275-0237dc5bbd1a
2025-02-14 20:43:24,136 - LoudVA - INFO - [LoudServer] - Completed. Request ID: 238e8c7a-013f-432e-8275-0237dc5bbd1a
127.0.0.1 - - [14/Feb/2025 20:43:24] "POST /inference HTTP/1.1" 200 -
2025-02-14 20:43:25,179 - LoudVA - WARNING - [LoudServer] - Timeout reached for request 352f9aa7-4d13-4ba5-8213-57777f5f1aea
2025-02-14 20:43:25,186 - LoudVA - INFO - [LoudServer] - Completed. Request ID: 352f9aa7-4d13-4ba5-8213-57777f5f1aea
127.0.0.1 - - [14/Feb/2025 20:43:25] "POST /inference HTTP/1.1" 200 -
2025-02-14 20:43:26,201 - LoudVA - WARNING - [LoudServer] - Timeout reached for request caa2c445-e746-4cb5-b600-a9a18aa8d0dc
2025-02-14 20:43:26,220 - LoudVA - INFO - [LoudServer] - Completed. Request ID: caa2c445-e746-4cb5-b600-a9a18aa8d0dc
127.0.0.1 - - [14/Feb/2025 20:43:26] "POST /inference HTTP/1.1" 200 -
2025-02-14 20:43:26,985 - LoudVA - WARNING - [LoudServer] - Timeout reached for request 041cbe3f-2129-4ccd-9e55-07fd6ed820c3
2025-02-14 20:43:26,987 - LoudVA - INFO - [LoudServer] - Completed. Request ID: 041cbe3f-2129-4ccd-9e55-07fd6ed820c3
127.0.0.1 - - [14/Feb/2025 20:43:26] "POST /inference HTTP/1.1" 200 -
2025-02-14 20:43:28,303 - LoudVA - WARNING - [LoudServer] - Timeout reached for request ab3bfb5e-ec2e-4a1d-906a-89aa046201fc
2025-02-14 20:43:28,314 - LoudVA - INFO - [LoudServer] - Completed. Request ID: ab3bfb5e-ec2e-4a1d-906a-89aa046201fc
127.0.0.1 - - [14/Feb/2025 20:43:28] "POST /inference HTTP/1.1" 200 -
2025-02-14 20:43:29,123 - LoudVA - WARNING - [LoudServer] - Timeout reached for request 4412400a-0019-4b9b-b601-e29f1b7c3d72
2025-02-14 20:43:29,137 - LoudVA - INFO - [LoudServer] - Completed. Request ID: 4412400a-0019-4b9b-b601-e29f1b7c3d72
127.0.0.1 - - [14/Feb/2025 20:43:29] "POST /inference HTTP/1.1" 200 -
2025-02-14 20:43:30,078 - LoudVA - WARNING - [LoudServer] - Timeout reached for request d31444de-e479-4799-96e3-511a38ab8785
2025-02-14 20:43:30,095 - LoudVA - INFO - [LoudServer] - Completed. Request ID: d31444de-e479-4799-96e3-511a38ab8785
127.0.0.1 - - [14/Feb/2025 20:43:30] "POST /inference HTTP/1.1" 200 -
2025-02-14 20:43:30,971 - LoudVA - WARNING - [LoudServer] - Timeout reached for request 837340d0-2662-41aa-a6d2-855263e6156d
2025-02-14 20:43:30,974 - LoudVA - INFO - [LoudServer] - Completed. Request ID: 837340d0-2662-41aa-a6d2-855263e6156d
127.0.0.1 - - [14/Feb/2025 20:43:30] "POST /inference HTTP/1.1" 200 -
2025-02-14 20:43:32,034 - LoudVA - WARNING - [LoudServer] - Timeout reached for request 9cee90ec-08a1-4351-a0cf-07f4bf540a9b
2025-02-14 20:43:32,043 - LoudVA - INFO - [LoudServer] - Completed. Request ID: 9cee90ec-08a1-4351-a0cf-07f4bf540a9b
127.0.0.1 - - [14/Feb/2025 20:43:32] "POST /inference HTTP/1.1" 200 -
2025-02-14 20:43:32,976 - LoudVA - WARNING - [LoudServer] - Timeout reached for request 8a39d185-5e80-4d34-bc54-880039853886
2025-02-14 20:43:32,977 - LoudVA - INFO - [LoudServer] - Completed. Request ID: 8a39d185-5e80-4d34-bc54-880039853886
127.0.0.1 - - [14/Feb/2025 20:43:32] "POST /inference HTTP/1.1" 200 -
2025-02-14 20:43:34,130 - LoudVA - WARNING - [LoudServer] - Timeout reached for request 28516f87-0981-4fb3-a5d3-dcb95bcf7314
2025-02-14 20:43:34,141 - LoudVA - INFO - [LoudServer] - Completed. Request ID: 28516f87-0981-4fb3-a5d3-dcb95bcf7314
127.0.0.1 - - [14/Feb/2025 20:43:34] "POST /inference HTTP/1.1" 200 -
2025-02-14 20:43:35,560 - LoudVA - WARNING - [LoudServer] - Timeout reached for request 14b18f81-a962-4662-9550-f3700c54e029
2025-02-14 20:43:35,573 - LoudVA - INFO - [LoudServer] - Completed. Request ID: 14b18f81-a962-4662-9550-f3700c54e029
127.0.0.1 - - [14/Feb/2025 20:43:35] "POST /inference HTTP/1.1" 200 -
2025-02-14 20:43:36,052 - LoudVA - WARNING - [LoudServer] - Timeout reached for request 11c6e35e-6ea3-49ba-ac36-aa765ced466e
2025-02-14 20:43:36,055 - LoudVA - INFO - [LoudServer] - Completed. Request ID: 11c6e35e-6ea3-49ba-ac36-aa765ced466e
127.0.0.1 - - [14/Feb/2025 20:43:36] "POST /inference HTTP/1.1" 200 -
2025-02-14 20:43:37,469 - LoudVA - WARNING - [LoudServer] - Timeout reached for request da4d6e49-ba67-40f8-8f39-2825d370f46f
2025-02-14 20:43:37,474 - LoudVA - INFO - [LoudServer] - Completed. Request ID: da4d6e49-ba67-40f8-8f39-2825d370f46f
127.0.0.1 - - [14/Feb/2025 20:43:37] "POST /inference HTTP/1.1" 200 -
2025-02-14 20:43:38,203 - LoudVA - WARNING - [LoudServer] - Timeout reached for request c26172b2-efa5-4635-9c7e-28f1254abcf1
2025-02-14 20:43:38,205 - LoudVA - INFO - [LoudServer] - Completed. Request ID: c26172b2-efa5-4635-9c7e-28f1254abcf1
127.0.0.1 - - [14/Feb/2025 20:43:38] "POST /inference HTTP/1.1" 200 -
2025-02-14 20:43:39,009 - LoudVA - WARNING - [LoudServer] - Timeout reached for request 53488eeb-bffc-475c-a099-3efd6ef245e5
2025-02-14 20:43:39,010 - LoudVA - INFO - [LoudServer] - Completed. Request ID: 53488eeb-bffc-475c-a099-3efd6ef245e5
127.0.0.1 - - [14/Feb/2025 20:43:39] "POST /inference HTTP/1.1" 200 -
2025-02-14 20:43:40,198 - LoudVA - WARNING - [LoudServer] - Timeout reached for request f03d372c-26f2-48dc-9342-cfd03b288bcf
2025-02-14 20:43:40,199 - LoudVA - INFO - [LoudServer] - Completed. Request ID: f03d372c-26f2-48dc-9342-cfd03b288bcf
127.0.0.1 - - [14/Feb/2025 20:43:40] "POST /inference HTTP/1.1" 200 -
2025-02-14 20:43:41,087 - LoudVA - WARNING - [LoudServer] - Timeout reached for request f17146fa-5e84-4dea-bc59-a37c4b18757d
2025-02-14 20:43:41,089 - LoudVA - INFO - [LoudServer] - Completed. Request ID: f17146fa-5e84-4dea-bc59-a37c4b18757d
127.0.0.1 - - [14/Feb/2025 20:43:41] "POST /inference HTTP/1.1" 200 -
2025-02-14 20:43:42,223 - LoudVA - WARNING - [LoudServer] - Timeout reached for request 2fda40cb-4e47-49d8-9115-bab110ad17dc
2025-02-14 20:43:42,225 - LoudVA - INFO - [LoudServer] - Completed. Request ID: 2fda40cb-4e47-49d8-9115-bab110ad17dc
127.0.0.1 - - [14/Feb/2025 20:43:42] "POST /inference HTTP/1.1" 200 -
